[debug] [2021-10-20T17:19:02.937Z] ----------------------------------------------------------------------
[debug] [2021-10-20T17:19:02.939Z] Command:       C:\Program Files\nodejs\node.exe C:\Users\LENOVO\AppData\Roaming\npm\node_modules\firebase-tools\lib\bin\firebase.js deploy
[debug] [2021-10-20T17:19:02.940Z] CLI Version:   9.20.0
[debug] [2021-10-20T17:19:02.940Z] Platform:      win32
[debug] [2021-10-20T17:19:02.940Z] Node Version:  v14.17.1
[debug] [2021-10-20T17:19:03.569Z] Time:          Wed Oct 20 2021 23:19:02 GMT+0600 (Bangladesh Standard Time)
[debug] [2021-10-20T17:19:03.570Z] ----------------------------------------------------------------------
[debug] 
[debug] [2021-10-20T17:19:03.716Z] > command requires scopes: ["email","openid","https://www.googleapis.com/auth/cloudplatformprojects.readonly","https://www.googleapis.com/auth/firebase","https://www.googleapis.com/auth/cloud-platform"]
[debug] [2021-10-20T17:19:03.716Z] > authorizing via signed-in user (hossainmozammel27@gmail.com)
[debug] [2021-10-20T17:19:03.716Z] [iam] checking project sheba-for-life for permissions ["firebase.projects.get","firebasehosting.sites.update"]
[debug] [2021-10-20T17:19:03.727Z] > refreshing access token with scopes: ["email","https://www.googleapis.com/auth/cloud-platform","https://www.googleapis.com/auth/cloudplatformprojects.readonly","https://www.googleapis.com/auth/firebase","openid"]
[debug] [2021-10-20T17:19:03.727Z] >>> HTTP REQUEST POST https://www.googleapis.com/oauth2/v3/token  
 <request body omitted>
[debug] [2021-10-20T17:19:08.670Z] <<< HTTP RESPONSE 200 {"expires":"Mon, 01 Jan 1990 00:00:00 GMT","pragma":"no-cache","cache-control":"no-cache, no-store, max-age=0, must-revalidate","date":"Wed, 20 Oct 2021 17:19:07 GMT","content-type":"application/json; charset=utf-8","vary":"X-Origin, Referer, Origin,Accept-Encoding","server":"scaffolding on HTTPServer2","x-xss-protection":"0","x-frame-options":"SAMEORIGIN","x-content-type-options":"nosniff","alt-svc":"h3=\":443\"; ma=2592000,h3-29=\":443\"; ma=2592000,h3-T051=\":443\"; ma=2592000,h3-Q050=\":443\"; ma=2592000,h3-Q046=\":443\"; ma=2592000,h3-Q043=\":443\"; ma=2592000,quic=\":443\"; ma=2592000; v=\"46,43\"","accept-ranges":"none","transfer-encoding":"chunked"}
[debug] [2021-10-20T17:19:08.916Z] >>> HTTP REQUEST POST https://cloudresourcemanager.googleapis.com/v1/projects/sheba-for-life:testIamPermissions  
 {"permissions":["firebase.projects.get","firebasehosting.sites.update"]}
[debug] [2021-10-20T17:19:11.821Z] <<< HTTP RESPONSE 200 {"content-type":"application/json; charset=UTF-8","vary":"X-Origin, Referer, Origin,Accept-Encoding","date":"Wed, 20 Oct 2021 17:19:10 GMT","server":"ESF","cache-control":"private","x-xss-protection":"0","x-frame-options":"SAMEORIGIN","x-content-type-options":"nosniff","server-timing":"gfet4t7; dur=1140","alt-svc":"h3=\":443\"; ma=2592000,h3-29=\":443\"; ma=2592000,h3-Q050=\":443\"; ma=2592000,h3-Q046=\":443\"; ma=2592000,h3-Q043=\":443\"; ma=2592000","accept-ranges":"none","transfer-encoding":"chunked"}
[debug] [2021-10-20T17:19:11.824Z] > refreshing access token with scopes: []
[debug] [2021-10-20T17:19:11.825Z] >>> HTTP REQUEST POST https://www.googleapis.com/oauth2/v3/token  
 <request body omitted>
[debug] [2021-10-20T17:19:12.783Z] <<< HTTP RESPONSE 200 {"pragma":"no-cache","cache-control":"no-cache, no-store, max-age=0, must-revalidate","expires":"Mon, 01 Jan 1990 00:00:00 GMT","date":"Wed, 20 Oct 2021 17:19:11 GMT","content-type":"application/json; charset=utf-8","vary":"X-Origin, Referer, Origin,Accept-Encoding","server":"scaffolding on HTTPServer2","x-xss-protection":"0","x-frame-options":"SAMEORIGIN","x-content-type-options":"nosniff","alt-svc":"h3=\":443\"; ma=2592000,h3-29=\":443\"; ma=2592000,h3-T051=\":443\"; ma=2592000,h3-Q050=\":443\"; ma=2592000,h3-Q046=\":443\"; ma=2592000,h3-Q043=\":443\"; ma=2592000,quic=\":443\"; ma=2592000; v=\"46,43\"","accept-ranges":"none","transfer-encoding":"chunked"}
[debug] [2021-10-20T17:19:13.020Z] >>> [apiv2][query] GET https://firebase.googleapis.com/v1beta1/projects/sheba-for-life [none]
[debug] [2021-10-20T17:19:14.296Z] <<< [apiv2][status] GET https://firebase.googleapis.com/v1beta1/projects/sheba-for-life 200
[debug] [2021-10-20T17:19:14.297Z] <<< [apiv2][body] GET https://firebase.googleapis.com/v1beta1/projects/sheba-for-life {"projectId":"sheba-for-life","projectNumber":"73209211687","displayName":"sheba-for-life","name":"projects/sheba-for-life","resources":{"hostingSite":"sheba-for-life"},"state":"ACTIVE"}
[info] 
[info] === Deploying to 'sheba-for-life'...
[info] 
[info] i  deploying hosting 
[debug] [2021-10-20T17:19:14.306Z] > refreshing access token with scopes: ["email","https://www.googleapis.com/auth/cloud-platform","https://www.googleapis.com/auth/cloudplatformprojects.readonly","https://www.googleapis.com/auth/firebase","openid"]
[debug] [2021-10-20T17:19:14.306Z] >>> HTTP REQUEST POST https://www.googleapis.com/oauth2/v3/token  
 <request body omitted>
[debug] [2021-10-20T17:19:15.578Z] <<< HTTP RESPONSE 200 {"cache-control":"no-cache, no-store, max-age=0, must-revalidate","date":"Wed, 20 Oct 2021 17:19:14 GMT","expires":"Mon, 01 Jan 1990 00:00:00 GMT","pragma":"no-cache","content-type":"application/json; charset=utf-8","vary":"X-Origin, Referer, Origin,Accept-Encoding","server":"scaffolding on HTTPServer2","x-xss-protection":"0","x-frame-options":"SAMEORIGIN","x-content-type-options":"nosniff","alt-svc":"h3=\":443\"; ma=2592000,h3-29=\":443\"; ma=2592000,h3-T051=\":443\"; ma=2592000,h3-Q050=\":443\"; ma=2592000,h3-Q046=\":443\"; ma=2592000,h3-Q043=\":443\"; ma=2592000,quic=\":443\"; ma=2592000; v=\"46,43\"","accept-ranges":"none","transfer-encoding":"chunked"}
[debug] [2021-10-20T17:19:15.671Z] >>> HTTP REQUEST POST https://firebasehosting.googleapis.com/v1beta1/sites/sheba-for-life/versions  
 {"config":{},"labels":{"deployment-tool":"cli-firebase"}}
[debug] [2021-10-20T17:19:18.600Z] <<< HTTP RESPONSE 200 {"content-type":"application/json; charset=UTF-8","vary":"X-Origin, Referer, Origin,Accept-Encoding","date":"Wed, 20 Oct 2021 17:19:17 GMT","server":"ESF","cache-control":"private","x-xss-protection":"0","x-frame-options":"SAMEORIGIN","x-content-type-options":"nosniff","alt-svc":"h3=\":443\"; ma=2592000,h3-29=\":443\"; ma=2592000,h3-T051=\":443\"; ma=2592000,h3-Q050=\":443\"; ma=2592000,h3-Q046=\":443\"; ma=2592000,h3-Q043=\":443\"; ma=2592000,quic=\":443\"; ma=2592000; v=\"46,43\"","accept-ranges":"none","transfer-encoding":"chunked"}
[info] i  hosting[sheba-for-life]: beginning deploy... 
[info] i  hosting[sheba-for-life]: found 25 files in build 
[debug] [2021-10-20T17:19:19.529Z] > refreshing access token with scopes: []
[debug] [2021-10-20T17:19:19.529Z] >>> HTTP REQUEST POST https://www.googleapis.com/oauth2/v3/token  
 <request body omitted>
[debug] [2021-10-20T17:19:19.531Z] [hosting] hash cache [YnVpbGQ] stored for 25 files
[debug] [2021-10-20T17:19:19.532Z] [hosting][hash queue][FINAL] {"max":792,"min":4,"avg":329.4,"active":0,"complete":25,"success":25,"errored":0,"retried":0,"total":25,"elapsed":841}
[debug] [2021-10-20T17:19:20.441Z] <<< HTTP RESPONSE 200 {"expires":"Mon, 01 Jan 1990 00:00:00 GMT","pragma":"no-cache","date":"Wed, 20 Oct 2021 17:19:19 GMT","cache-control":"no-cache, no-store, max-age=0, must-revalidate","content-type":"application/json; charset=utf-8","vary":"X-Origin, Referer, Origin,Accept-Encoding","server":"scaffolding on HTTPServer2","x-xss-protection":"0","x-frame-options":"SAMEORIGIN","x-content-type-options":"nosniff","alt-svc":"h3=\":443\"; ma=2592000,h3-29=\":443\"; ma=2592000,h3-T051=\":443\"; ma=2592000,h3-Q050=\":443\"; ma=2592000,h3-Q046=\":443\"; ma=2592000,h3-Q043=\":443\"; ma=2592000,quic=\":443\"; ma=2592000; v=\"46,43\"","accept-ranges":"none","transfer-encoding":"chunked"}
[debug] [2021-10-20T17:19:20.586Z] >>> [apiv2][query] POST https://firebasehosting.googleapis.com/v1beta1/sites/sheba-for-life/versions/a3d7ce1407cc3d85:populateFiles [none]
[debug] [2021-10-20T17:19:20.586Z] >>> [apiv2][body] POST https://firebasehosting.googleapis.com/v1beta1/sites/sheba-for-life/versions/a3d7ce1407cc3d85:populateFiles {"files":{"/favicon.ico":"eae62e993eb980ec8a25058c39d5a51feab118bd2100c4deebb2a9c158ec11f9","/labTechnician.json":"4715db6395d5d6797c4e62c383b3b1f7ab99e327dd0659595d4547617ec22c82","/logo192.png":"3ee59515172ee198f3be375979df15ac5345183e656720a381b8872b2a39dc8b","/logo512.png":"ee7e2f3fdb8209c4b6fd7bef6ba50d1b9dba30a25bb5c3126df057e1cb6f5331","/manifest.json":"aff3449bdc238776f5d6d967f19ec491b36aed5fb7f23ccff6500736fd58494a","/robots.txt":"bfe106a3fb878dc83461c86818bf74fc1bdc7f28538ba613cd3e775516ce8b49","/services.json":"20def4ba74b202917029bdffa026151fbddc26256effba6c52dccb0a3f36de52","/index.html":"9f7c2d8c63097b35ccdf127ea8732501452d6220bd33e6fd1f24b0366909e2af","/asset-manifest.json":"536d4e0c13de847e0de2926d05cfe990325eb5d21cf60567e65123dd2be936b5","/static/css/main.89554360.chunk.css.map":"1231141a877bb695a7760687deced7a7fa4fb4d4b72d17649a20f50858b150e4","/static/css/main.89554360.chunk.css":"8585d772adbe18dfabf837682f4935a699414274dde3af1b74b88f51dce03edd","/static/js/3.111a2b56.chunk.js":"2db2ac13052e04d776079c469601b89319694b81f871e6c08d903d1a61f3b1f3","/static/js/3.111a2b56.chunk.js.map":"299213781bf24e14a687703f49939ca2e747a2cf0660f39db2a9849ae23cee4f","/static/js/main.0fefcfda.chunk.js.map":"60caf53e56dfa6fc50d246ed998b14f2c4e712d1eb9c5086d0d53e6e9ec2c362","/static/js/runtime-main.383f30c6.js":"727d99c5276a51a1f8bfa09373569307712ac1a628df6d06bf63c24595521b17","/static/media/2451352-ai.f2441bfd.png":"f6193c86c7cce1764fccf39408a7f9f04ce4e62af813ffeb8ea837790bd1567f","/static/js/runtime-main.383f30c6.js.map":"d42d1fdf8ea92c45cef707f26b0c60136e87c1cc02fe3f601ff155ca97b9e401","/static/js/2.9ce92f60.chunk.js.LICENSE.txt":"16167e3c3fd078b101e2b8e8de6f5f345cc06354da4638179a25e7d463147b14","/static/js/2.9ce92f60.chunk.js":"8dc09036be15da6f8a047e90a371495aeee05be3e0c7e3c31629cf841cc405f2","/static/js/main.0fefcfda.chunk.js":"82b52bc3d7374c35af0fe257e1f3cd494f7c30921038a52240c75a703fe1c378","/static/media/heart-banner-cardiac-technology.54eadda3.png":"1e4bf4d3ca661303257c6d95c6d7a53c15802fadc9ca30c741de916adc596cfe","/static/media/capsule.42b33511.png":"4d9f068dec0322dc63be823177bf08c1c143f5074d63cbc9b5abdb62e13996be","/static/js/2.9ce92f60.chunk.js.map":"5bfea6356f4d2096a24c2d926e40d07e7693010b7a1e7463da373192746dbe20","/static/media/successful-medical-team.f94427b1.png":"634e8b40b8b9e8818eed861ad890562eb328a8d2a5de309f52e349687678e882","/static/media/nurse-measuring-patient-blood-pressure.270b7d37.png":"9acd5bda1c772328bdf9bc5b8bcc65d69128e4ffc79094b818a1045b0e7aaf67"}}
[debug] [2021-10-20T17:19:23.844Z] <<< [apiv2][status] POST https://firebasehosting.googleapis.com/v1beta1/sites/sheba-for-life/versions/a3d7ce1407cc3d85:populateFiles 200
[debug] [2021-10-20T17:19:23.845Z] <<< [apiv2][body] POST https://firebasehosting.googleapis.com/v1beta1/sites/sheba-for-life/versions/a3d7ce1407cc3d85:populateFiles {"uploadRequiredHashes":["2db2ac13052e04d776079c469601b89319694b81f871e6c08d903d1a61f3b1f3","8dc09036be15da6f8a047e90a371495aeee05be3e0c7e3c31629cf841cc405f2","1e4bf4d3ca661303257c6d95c6d7a53c15802fadc9ca30c741de916adc596cfe","4715db6395d5d6797c4e62c383b3b1f7ab99e327dd0659595d4547617ec22c82","aff3449bdc238776f5d6d967f19ec491b36aed5fb7f23ccff6500736fd58494a","3ee59515172ee198f3be375979df15ac5345183e656720a381b8872b2a39dc8b","f6193c86c7cce1764fccf39408a7f9f04ce4e62af813ffeb8ea837790bd1567f","ee7e2f3fdb8209c4b6fd7bef6ba50d1b9dba30a25bb5c3126df057e1cb6f5331","634e8b40b8b9e8818eed861ad890562eb328a8d2a5de309f52e349687678e882","16167e3c3fd078b101e2b8e8de6f5f345cc06354da4638179a25e7d463147b14","d42d1fdf8ea92c45cef707f26b0c60136e87c1cc02fe3f601ff155ca97b9e401","20def4ba74b202917029bdffa026151fbddc26256effba6c52dccb0a3f36de52","bfe106a3fb878dc83461c86818bf74fc1bdc7f28538ba613cd3e775516ce8b49","82b52bc3d7374c35af0fe257e1f3cd494f7c30921038a52240c75a703fe1c378","60caf53e56dfa6fc50d246ed998b14f2c4e712d1eb9c5086d0d53e6e9ec2c362","9acd5bda1c772328bdf9bc5b8bcc65d69128e4ffc79094b818a1045b0e7aaf67","1231141a877bb695a7760687deced7a7fa4fb4d4b72d17649a20f50858b150e4","eae62e993eb980ec8a25058c39d5a51feab118bd2100c4deebb2a9c158ec11f9","4d9f068dec0322dc63be823177bf08c1c143f5074d63cbc9b5abdb62e13996be","536d4e0c13de847e0de2926d05cfe990325eb5d21cf60567e65123dd2be936b5","299213781bf24e14a687703f49939ca2e747a2cf0660f39db2a9849ae23cee4f","5bfea6356f4d2096a24c2d926e40d07e7693010b7a1e7463da373192746dbe20","9f7c2d8c63097b35ccdf127ea8732501452d6220bd33e6fd1f24b0366909e2af"],"uploadUrl":"https://upload-firebasehosting.googleapis.com/upload/sites/sheba-for-life/versions/a3d7ce1407cc3d85/files"}
[debug] [2021-10-20T17:19:23.868Z] >>> [apiv2][query] POST https://upload-firebasehosting.googleapis.com/upload/sites/sheba-for-life/versions/a3d7ce1407cc3d85/files/2db2ac13052e04d776079c469601b89319694b81f871e6c08d903d1a61f3b1f3 [none]
[debug] [2021-10-20T17:19:23.868Z] >>> [apiv2][body] POST https://upload-firebasehosting.googleapis.com/upload/sites/sheba-for-life/versions/a3d7ce1407cc3d85/files/2db2ac13052e04d776079c469601b89319694b81f871e6c08d903d1a61f3b1f3 [stream]
[debug] [2021-10-20T17:19:23.875Z] >>> [apiv2][query] POST https://upload-firebasehosting.googleapis.com/upload/sites/sheba-for-life/versions/a3d7ce1407cc3d85/files/8dc09036be15da6f8a047e90a371495aeee05be3e0c7e3c31629cf841cc405f2 [none]
[debug] [2021-10-20T17:19:23.876Z] >>> [apiv2][body] POST https://upload-firebasehosting.googleapis.com/upload/sites/sheba-for-life/versions/a3d7ce1407cc3d85/files/8dc09036be15da6f8a047e90a371495aeee05be3e0c7e3c31629cf841cc405f2 [stream]
[debug] [2021-10-20T17:19:23.881Z] >>> [apiv2][query] POST https://upload-firebasehosting.googleapis.com/upload/sites/sheba-for-life/versions/a3d7ce1407cc3d85/files/1e4bf4d3ca661303257c6d95c6d7a53c15802fadc9ca30c741de916adc596cfe [none]
[debug] [2021-10-20T17:19:23.882Z] >>> [apiv2][body] POST https://upload-firebasehosting.googleapis.com/upload/sites/sheba-for-life/versions/a3d7ce1407cc3d85/files/1e4bf4d3ca661303257c6d95c6d7a53c15802fadc9ca30c741de916adc596cfe [stream]
[debug] [2021-10-20T17:19:23.890Z] >>> [apiv2][query] POST https://upload-firebasehosting.googleapis.com/upload/sites/sheba-for-life/versions/a3d7ce1407cc3d85/files/4715db6395d5d6797c4e62c383b3b1f7ab99e327dd0659595d4547617ec22c82 [none]
[debug] [2021-10-20T17:19:23.890Z] >>> [apiv2][body] POST https://upload-firebasehosting.googleapis.com/upload/sites/sheba-for-life/versions/a3d7ce1407cc3d85/files/4715db6395d5d6797c4e62c383b3b1f7ab99e327dd0659595d4547617ec22c82 [stream]
[debug] [2021-10-20T17:19:23.897Z] >>> [apiv2][query] POST https://upload-firebasehosting.googleapis.com/upload/sites/sheba-for-life/versions/a3d7ce1407cc3d85/files/aff3449bdc238776f5d6d967f19ec491b36aed5fb7f23ccff6500736fd58494a [none]
[debug] [2021-10-20T17:19:23.897Z] >>> [apiv2][body] POST https://upload-firebasehosting.googleapis.com/upload/sites/sheba-for-life/versions/a3d7ce1407cc3d85/files/aff3449bdc238776f5d6d967f19ec491b36aed5fb7f23ccff6500736fd58494a [stream]
[debug] [2021-10-20T17:19:23.904Z] >>> [apiv2][query] POST https://upload-firebasehosting.googleapis.com/upload/sites/sheba-for-life/versions/a3d7ce1407cc3d85/files/3ee59515172ee198f3be375979df15ac5345183e656720a381b8872b2a39dc8b [none]
[debug] [2021-10-20T17:19:23.904Z] >>> [apiv2][body] POST https://upload-firebasehosting.googleapis.com/upload/sites/sheba-for-life/versions/a3d7ce1407cc3d85/files/3ee59515172ee198f3be375979df15ac5345183e656720a381b8872b2a39dc8b [stream]
[debug] [2021-10-20T17:19:23.908Z] >>> [apiv2][query] POST https://upload-firebasehosting.googleapis.com/upload/sites/sheba-for-life/versions/a3d7ce1407cc3d85/files/f6193c86c7cce1764fccf39408a7f9f04ce4e62af813ffeb8ea837790bd1567f [none]
[debug] [2021-10-20T17:19:23.908Z] >>> [apiv2][body] POST https://upload-firebasehosting.googleapis.com/upload/sites/sheba-for-life/versions/a3d7ce1407cc3d85/files/f6193c86c7cce1764fccf39408a7f9f04ce4e62af813ffeb8ea837790bd1567f [stream]
[debug] [2021-10-20T17:19:23.912Z] >>> [apiv2][query] POST https://upload-firebasehosting.googleapis.com/upload/sites/sheba-for-life/versions/a3d7ce1407cc3d85/files/ee7e2f3fdb8209c4b6fd7bef6ba50d1b9dba30a25bb5c3126df057e1cb6f5331 [none]
[debug] [2021-10-20T17:19:23.913Z] >>> [apiv2][body] POST https://upload-firebasehosting.googleapis.com/upload/sites/sheba-for-life/versions/a3d7ce1407cc3d85/files/ee7e2f3fdb8209c4b6fd7bef6ba50d1b9dba30a25bb5c3126df057e1cb6f5331 [stream]
[debug] [2021-10-20T17:19:23.916Z] >>> [apiv2][query] POST https://upload-firebasehosting.googleapis.com/upload/sites/sheba-for-life/versions/a3d7ce1407cc3d85/files/634e8b40b8b9e8818eed861ad890562eb328a8d2a5de309f52e349687678e882 [none]
[debug] [2021-10-20T17:19:23.917Z] >>> [apiv2][body] POST https://upload-firebasehosting.googleapis.com/upload/sites/sheba-for-life/versions/a3d7ce1407cc3d85/files/634e8b40b8b9e8818eed861ad890562eb328a8d2a5de309f52e349687678e882 [stream]
[debug] [2021-10-20T17:19:23.921Z] >>> [apiv2][query] POST https://upload-firebasehosting.googleapis.com/upload/sites/sheba-for-life/versions/a3d7ce1407cc3d85/files/16167e3c3fd078b101e2b8e8de6f5f345cc06354da4638179a25e7d463147b14 [none]
[debug] [2021-10-20T17:19:23.921Z] >>> [apiv2][body] POST https://upload-firebasehosting.googleapis.com/upload/sites/sheba-for-life/versions/a3d7ce1407cc3d85/files/16167e3c3fd078b101e2b8e8de6f5f345cc06354da4638179a25e7d463147b14 [stream]
[debug] [2021-10-20T17:19:23.931Z] >>> [apiv2][query] POST https://upload-firebasehosting.googleapis.com/upload/sites/sheba-for-life/versions/a3d7ce1407cc3d85/files/d42d1fdf8ea92c45cef707f26b0c60136e87c1cc02fe3f601ff155ca97b9e401 [none]
[debug] [2021-10-20T17:19:23.931Z] >>> [apiv2][body] POST https://upload-firebasehosting.googleapis.com/upload/sites/sheba-for-life/versions/a3d7ce1407cc3d85/files/d42d1fdf8ea92c45cef707f26b0c60136e87c1cc02fe3f601ff155ca97b9e401 [stream]
[debug] [2021-10-20T17:19:23.935Z] >>> [apiv2][query] POST https://upload-firebasehosting.googleapis.com/upload/sites/sheba-for-life/versions/a3d7ce1407cc3d85/files/20def4ba74b202917029bdffa026151fbddc26256effba6c52dccb0a3f36de52 [none]
[debug] [2021-10-20T17:19:23.936Z] >>> [apiv2][body] POST https://upload-firebasehosting.googleapis.com/upload/sites/sheba-for-life/versions/a3d7ce1407cc3d85/files/20def4ba74b202917029bdffa026151fbddc26256effba6c52dccb0a3f36de52 [stream]
[debug] [2021-10-20T17:19:23.939Z] >>> [apiv2][query] POST https://upload-firebasehosting.googleapis.com/upload/sites/sheba-for-life/versions/a3d7ce1407cc3d85/files/bfe106a3fb878dc83461c86818bf74fc1bdc7f28538ba613cd3e775516ce8b49 [none]
[debug] [2021-10-20T17:19:23.940Z] >>> [apiv2][body] POST https://upload-firebasehosting.googleapis.com/upload/sites/sheba-for-life/versions/a3d7ce1407cc3d85/files/bfe106a3fb878dc83461c86818bf74fc1bdc7f28538ba613cd3e775516ce8b49 [stream]
[debug] [2021-10-20T17:19:23.943Z] >>> [apiv2][query] POST https://upload-firebasehosting.googleapis.com/upload/sites/sheba-for-life/versions/a3d7ce1407cc3d85/files/82b52bc3d7374c35af0fe257e1f3cd494f7c30921038a52240c75a703fe1c378 [none]
[debug] [2021-10-20T17:19:23.943Z] >>> [apiv2][body] POST https://upload-firebasehosting.googleapis.com/upload/sites/sheba-for-life/versions/a3d7ce1407cc3d85/files/82b52bc3d7374c35af0fe257e1f3cd494f7c30921038a52240c75a703fe1c378 [stream]
[debug] [2021-10-20T17:19:23.946Z] >>> [apiv2][query] POST https://upload-firebasehosting.googleapis.com/upload/sites/sheba-for-life/versions/a3d7ce1407cc3d85/files/60caf53e56dfa6fc50d246ed998b14f2c4e712d1eb9c5086d0d53e6e9ec2c362 [none]
[debug] [2021-10-20T17:19:23.946Z] >>> [apiv2][body] POST https://upload-firebasehosting.googleapis.com/upload/sites/sheba-for-life/versions/a3d7ce1407cc3d85/files/60caf53e56dfa6fc50d246ed998b14f2c4e712d1eb9c5086d0d53e6e9ec2c362 [stream]
[debug] [2021-10-20T17:19:23.948Z] >>> [apiv2][query] POST https://upload-firebasehosting.googleapis.com/upload/sites/sheba-for-life/versions/a3d7ce1407cc3d85/files/9acd5bda1c772328bdf9bc5b8bcc65d69128e4ffc79094b818a1045b0e7aaf67 [none]
[debug] [2021-10-20T17:19:23.948Z] >>> [apiv2][body] POST https://upload-firebasehosting.googleapis.com/upload/sites/sheba-for-life/versions/a3d7ce1407cc3d85/files/9acd5bda1c772328bdf9bc5b8bcc65d69128e4ffc79094b818a1045b0e7aaf67 [stream]
[debug] [2021-10-20T17:19:23.951Z] >>> [apiv2][query] POST https://upload-firebasehosting.googleapis.com/upload/sites/sheba-for-life/versions/a3d7ce1407cc3d85/files/1231141a877bb695a7760687deced7a7fa4fb4d4b72d17649a20f50858b150e4 [none]
[debug] [2021-10-20T17:19:23.951Z] >>> [apiv2][body] POST https://upload-firebasehosting.googleapis.com/upload/sites/sheba-for-life/versions/a3d7ce1407cc3d85/files/1231141a877bb695a7760687deced7a7fa4fb4d4b72d17649a20f50858b150e4 [stream]
[debug] [2021-10-20T17:19:23.953Z] >>> [apiv2][query] POST https://upload-firebasehosting.googleapis.com/upload/sites/sheba-for-life/versions/a3d7ce1407cc3d85/files/eae62e993eb980ec8a25058c39d5a51feab118bd2100c4deebb2a9c158ec11f9 [none]
[debug] [2021-10-20T17:19:23.953Z] >>> [apiv2][body] POST https://upload-firebasehosting.googleapis.com/upload/sites/sheba-for-life/versions/a3d7ce1407cc3d85/files/eae62e993eb980ec8a25058c39d5a51feab118bd2100c4deebb2a9c158ec11f9 [stream]
[debug] [2021-10-20T17:19:23.957Z] >>> [apiv2][query] POST https://upload-firebasehosting.googleapis.com/upload/sites/sheba-for-life/versions/a3d7ce1407cc3d85/files/4d9f068dec0322dc63be823177bf08c1c143f5074d63cbc9b5abdb62e13996be [none]
[debug] [2021-10-20T17:19:23.957Z] >>> [apiv2][body] POST https://upload-firebasehosting.googleapis.com/upload/sites/sheba-for-life/versions/a3d7ce1407cc3d85/files/4d9f068dec0322dc63be823177bf08c1c143f5074d63cbc9b5abdb62e13996be [stream]
[debug] [2021-10-20T17:19:23.963Z] >>> [apiv2][query] POST https://upload-firebasehosting.googleapis.com/upload/sites/sheba-for-life/versions/a3d7ce1407cc3d85/files/536d4e0c13de847e0de2926d05cfe990325eb5d21cf60567e65123dd2be936b5 [none]
[debug] [2021-10-20T17:19:23.963Z] >>> [apiv2][body] POST https://upload-firebasehosting.googleapis.com/upload/sites/sheba-for-life/versions/a3d7ce1407cc3d85/files/536d4e0c13de847e0de2926d05cfe990325eb5d21cf60567e65123dd2be936b5 [stream]
[debug] [2021-10-20T17:19:23.966Z] >>> [apiv2][query] POST https://upload-firebasehosting.googleapis.com/upload/sites/sheba-for-life/versions/a3d7ce1407cc3d85/files/299213781bf24e14a687703f49939ca2e747a2cf0660f39db2a9849ae23cee4f [none]
[debug] [2021-10-20T17:19:23.967Z] >>> [apiv2][body] POST https://upload-firebasehosting.googleapis.com/upload/sites/sheba-for-life/versions/a3d7ce1407cc3d85/files/299213781bf24e14a687703f49939ca2e747a2cf0660f39db2a9849ae23cee4f [stream]
[debug] [2021-10-20T17:19:23.970Z] >>> [apiv2][query] POST https://upload-firebasehosting.googleapis.com/upload/sites/sheba-for-life/versions/a3d7ce1407cc3d85/files/5bfea6356f4d2096a24c2d926e40d07e7693010b7a1e7463da373192746dbe20 [none]
[debug] [2021-10-20T17:19:23.970Z] >>> [apiv2][body] POST https://upload-firebasehosting.googleapis.com/upload/sites/sheba-for-life/versions/a3d7ce1407cc3d85/files/5bfea6356f4d2096a24c2d926e40d07e7693010b7a1e7463da373192746dbe20 [stream]
[debug] [2021-10-20T17:19:23.974Z] >>> [apiv2][query] POST https://upload-firebasehosting.googleapis.com/upload/sites/sheba-for-life/versions/a3d7ce1407cc3d85/files/9f7c2d8c63097b35ccdf127ea8732501452d6220bd33e6fd1f24b0366909e2af [none]
[debug] [2021-10-20T17:19:23.974Z] >>> [apiv2][body] POST https://upload-firebasehosting.googleapis.com/upload/sites/sheba-for-life/versions/a3d7ce1407cc3d85/files/9f7c2d8c63097b35ccdf127ea8732501452d6220bd33e6fd1f24b0366909e2af [stream]
[debug] [2021-10-20T17:19:23.979Z] [hosting][populate queue][FINAL] {"max":4340,"min":4340,"avg":4340,"active":0,"complete":1,"success":1,"errored":0,"retried":0,"total":1,"elapsed":4451}
[debug] [2021-10-20T17:19:23.979Z] [hosting] uploads queued: 23
[debug] [2021-10-20T17:19:38.351Z] [uploadQueue] Retrying task 634e8b40b8b9e8818eed861ad890562eb328a8d2a5de309f52e349687678e882
[debug] [2021-10-20T17:19:38.352Z] >>> [apiv2][query] POST https://upload-firebasehosting.googleapis.com/upload/sites/sheba-for-life/versions/a3d7ce1407cc3d85/files/634e8b40b8b9e8818eed861ad890562eb328a8d2a5de309f52e349687678e882 [none]
[debug] [2021-10-20T17:19:38.352Z] >>> [apiv2][body] POST https://upload-firebasehosting.googleapis.com/upload/sites/sheba-for-life/versions/a3d7ce1407cc3d85/files/634e8b40b8b9e8818eed861ad890562eb328a8d2a5de309f52e349687678e882 [stream]
[debug] [2021-10-20T17:19:41.199Z] [uploadQueue] Retrying task 16167e3c3fd078b101e2b8e8de6f5f345cc06354da4638179a25e7d463147b14
[debug] [2021-10-20T17:19:41.217Z] >>> [apiv2][query] POST https://upload-firebasehosting.googleapis.com/upload/sites/sheba-for-life/versions/a3d7ce1407cc3d85/files/16167e3c3fd078b101e2b8e8de6f5f345cc06354da4638179a25e7d463147b14 [none]
[debug] [2021-10-20T17:19:41.221Z] >>> [apiv2][body] POST https://upload-firebasehosting.googleapis.com/upload/sites/sheba-for-life/versions/a3d7ce1407cc3d85/files/16167e3c3fd078b101e2b8e8de6f5f345cc06354da4638179a25e7d463147b14 [stream]
[debug] [2021-10-20T17:19:47.897Z] [uploadQueue] Retrying task 20def4ba74b202917029bdffa026151fbddc26256effba6c52dccb0a3f36de52
[debug] [2021-10-20T17:19:47.898Z] >>> [apiv2][query] POST https://upload-firebasehosting.googleapis.com/upload/sites/sheba-for-life/versions/a3d7ce1407cc3d85/files/20def4ba74b202917029bdffa026151fbddc26256effba6c52dccb0a3f36de52 [none]
[debug] [2021-10-20T17:19:47.898Z] >>> [apiv2][body] POST https://upload-firebasehosting.googleapis.com/upload/sites/sheba-for-life/versions/a3d7ce1407cc3d85/files/20def4ba74b202917029bdffa026151fbddc26256effba6c52dccb0a3f36de52 [stream]
[debug] [2021-10-20T17:19:51.923Z] [uploadQueue] Retrying task d42d1fdf8ea92c45cef707f26b0c60136e87c1cc02fe3f601ff155ca97b9e401
[debug] [2021-10-20T17:19:51.924Z] >>> [apiv2][query] POST https://upload-firebasehosting.googleapis.com/upload/sites/sheba-for-life/versions/a3d7ce1407cc3d85/files/d42d1fdf8ea92c45cef707f26b0c60136e87c1cc02fe3f601ff155ca97b9e401 [none]
[debug] [2021-10-20T17:19:51.924Z] >>> [apiv2][body] POST https://upload-firebasehosting.googleapis.com/upload/sites/sheba-for-life/versions/a3d7ce1407cc3d85/files/d42d1fdf8ea92c45cef707f26b0c60136e87c1cc02fe3f601ff155ca97b9e401 [stream]
[debug] [2021-10-20T17:19:52.711Z] [uploadQueue] Retrying task bfe106a3fb878dc83461c86818bf74fc1bdc7f28538ba613cd3e775516ce8b49
[debug] [2021-10-20T17:19:52.712Z] >>> [apiv2][query] POST https://upload-firebasehosting.googleapis.com/upload/sites/sheba-for-life/versions/a3d7ce1407cc3d85/files/bfe106a3fb878dc83461c86818bf74fc1bdc7f28538ba613cd3e775516ce8b49 [none]
[debug] [2021-10-20T17:19:52.712Z] >>> [apiv2][body] POST https://upload-firebasehosting.googleapis.com/upload/sites/sheba-for-life/versions/a3d7ce1407cc3d85/files/bfe106a3fb878dc83461c86818bf74fc1bdc7f28538ba613cd3e775516ce8b49 [stream]
[debug] [2021-10-20T17:19:52.968Z] [uploadQueue] Retrying task 82b52bc3d7374c35af0fe257e1f3cd494f7c30921038a52240c75a703fe1c378
[debug] [2021-10-20T17:19:52.969Z] >>> [apiv2][query] POST https://upload-firebasehosting.googleapis.com/upload/sites/sheba-for-life/versions/a3d7ce1407cc3d85/files/82b52bc3d7374c35af0fe257e1f3cd494f7c30921038a52240c75a703fe1c378 [none]
[debug] [2021-10-20T17:19:52.969Z] >>> [apiv2][body] POST https://upload-firebasehosting.googleapis.com/upload/sites/sheba-for-life/versions/a3d7ce1407cc3d85/files/82b52bc3d7374c35af0fe257e1f3cd494f7c30921038a52240c75a703fe1c378 [stream]
[debug] [2021-10-20T17:19:54.249Z] [uploadQueue] Retrying task 2db2ac13052e04d776079c469601b89319694b81f871e6c08d903d1a61f3b1f3
[debug] [2021-10-20T17:19:54.250Z] >>> [apiv2][query] POST https://upload-firebasehosting.googleapis.com/upload/sites/sheba-for-life/versions/a3d7ce1407cc3d85/files/2db2ac13052e04d776079c469601b89319694b81f871e6c08d903d1a61f3b1f3 [none]
[debug] [2021-10-20T17:19:54.251Z] >>> [apiv2][body] POST https://upload-firebasehosting.googleapis.com/upload/sites/sheba-for-life/versions/a3d7ce1407cc3d85/files/2db2ac13052e04d776079c469601b89319694b81f871e6c08d903d1a61f3b1f3 [stream]
[debug] [2021-10-20T17:19:54.323Z] [uploadQueue] Retrying task 8dc09036be15da6f8a047e90a371495aeee05be3e0c7e3c31629cf841cc405f2
[debug] [2021-10-20T17:19:54.324Z] >>> [apiv2][query] POST https://upload-firebasehosting.googleapis.com/upload/sites/sheba-for-life/versions/a3d7ce1407cc3d85/files/8dc09036be15da6f8a047e90a371495aeee05be3e0c7e3c31629cf841cc405f2 [none]
[debug] [2021-10-20T17:19:54.324Z] >>> [apiv2][body] POST https://upload-firebasehosting.googleapis.com/upload/sites/sheba-for-life/versions/a3d7ce1407cc3d85/files/8dc09036be15da6f8a047e90a371495aeee05be3e0c7e3c31629cf841cc405f2 [stream]
[debug] [2021-10-20T17:19:54.327Z] [uploadQueue] Retrying task 1e4bf4d3ca661303257c6d95c6d7a53c15802fadc9ca30c741de916adc596cfe
[debug] [2021-10-20T17:19:54.327Z] >>> [apiv2][query] POST https://upload-firebasehosting.googleapis.com/upload/sites/sheba-for-life/versions/a3d7ce1407cc3d85/files/1e4bf4d3ca661303257c6d95c6d7a53c15802fadc9ca30c741de916adc596cfe [none]
[debug] [2021-10-20T17:19:54.327Z] >>> [apiv2][body] POST https://upload-firebasehosting.googleapis.com/upload/sites/sheba-for-life/versions/a3d7ce1407cc3d85/files/1e4bf4d3ca661303257c6d95c6d7a53c15802fadc9ca30c741de916adc596cfe [stream]
[debug] [2021-10-20T17:19:54.590Z] [uploadQueue] Retrying task 4715db6395d5d6797c4e62c383b3b1f7ab99e327dd0659595d4547617ec22c82
[debug] [2021-10-20T17:19:54.591Z] >>> [apiv2][query] POST https://upload-firebasehosting.googleapis.com/upload/sites/sheba-for-life/versions/a3d7ce1407cc3d85/files/4715db6395d5d6797c4e62c383b3b1f7ab99e327dd0659595d4547617ec22c82 [none]
[debug] [2021-10-20T17:19:54.591Z] >>> [apiv2][body] POST https://upload-firebasehosting.googleapis.com/upload/sites/sheba-for-life/versions/a3d7ce1407cc3d85/files/4715db6395d5d6797c4e62c383b3b1f7ab99e327dd0659595d4547617ec22c82 [stream]
[debug] [2021-10-20T17:19:54.594Z] [uploadQueue] Retrying task aff3449bdc238776f5d6d967f19ec491b36aed5fb7f23ccff6500736fd58494a
[debug] [2021-10-20T17:19:54.594Z] >>> [apiv2][query] POST https://upload-firebasehosting.googleapis.com/upload/sites/sheba-for-life/versions/a3d7ce1407cc3d85/files/aff3449bdc238776f5d6d967f19ec491b36aed5fb7f23ccff6500736fd58494a [none]
[debug] [2021-10-20T17:19:54.594Z] >>> [apiv2][body] POST https://upload-firebasehosting.googleapis.com/upload/sites/sheba-for-life/versions/a3d7ce1407cc3d85/files/aff3449bdc238776f5d6d967f19ec491b36aed5fb7f23ccff6500736fd58494a [stream]
[debug] [2021-10-20T17:19:54.596Z] [uploadQueue] Retrying task 3ee59515172ee198f3be375979df15ac5345183e656720a381b8872b2a39dc8b
[debug] [2021-10-20T17:19:54.597Z] >>> [apiv2][query] POST https://upload-firebasehosting.googleapis.com/upload/sites/sheba-for-life/versions/a3d7ce1407cc3d85/files/3ee59515172ee198f3be375979df15ac5345183e656720a381b8872b2a39dc8b [none]
[debug] [2021-10-20T17:19:54.597Z] >>> [apiv2][body] POST https://upload-firebasehosting.googleapis.com/upload/sites/sheba-for-life/versions/a3d7ce1407cc3d85/files/3ee59515172ee198f3be375979df15ac5345183e656720a381b8872b2a39dc8b [stream]
[debug] [2021-10-20T17:19:54.602Z] [uploadQueue] Retrying task f6193c86c7cce1764fccf39408a7f9f04ce4e62af813ffeb8ea837790bd1567f
[debug] [2021-10-20T17:19:54.602Z] >>> [apiv2][query] POST https://upload-firebasehosting.googleapis.com/upload/sites/sheba-for-life/versions/a3d7ce1407cc3d85/files/f6193c86c7cce1764fccf39408a7f9f04ce4e62af813ffeb8ea837790bd1567f [none]
[debug] [2021-10-20T17:19:54.602Z] >>> [apiv2][body] POST https://upload-firebasehosting.googleapis.com/upload/sites/sheba-for-life/versions/a3d7ce1407cc3d85/files/f6193c86c7cce1764fccf39408a7f9f04ce4e62af813ffeb8ea837790bd1567f [stream]
[debug] [2021-10-20T17:19:54.607Z] [uploadQueue] Retrying task ee7e2f3fdb8209c4b6fd7bef6ba50d1b9dba30a25bb5c3126df057e1cb6f5331
[debug] [2021-10-20T17:19:54.608Z] >>> [apiv2][query] POST https://upload-firebasehosting.googleapis.com/upload/sites/sheba-for-life/versions/a3d7ce1407cc3d85/files/ee7e2f3fdb8209c4b6fd7bef6ba50d1b9dba30a25bb5c3126df057e1cb6f5331 [none]
[debug] [2021-10-20T17:19:54.608Z] >>> [apiv2][body] POST https://upload-firebasehosting.googleapis.com/upload/sites/sheba-for-life/versions/a3d7ce1407cc3d85/files/ee7e2f3fdb8209c4b6fd7bef6ba50d1b9dba30a25bb5c3126df057e1cb6f5331 [stream]
[debug] [2021-10-20T17:19:54.611Z] [uploadQueue] Retrying task 60caf53e56dfa6fc50d246ed998b14f2c4e712d1eb9c5086d0d53e6e9ec2c362
[debug] [2021-10-20T17:19:54.611Z] >>> [apiv2][query] POST https://upload-firebasehosting.googleapis.com/upload/sites/sheba-for-life/versions/a3d7ce1407cc3d85/files/60caf53e56dfa6fc50d246ed998b14f2c4e712d1eb9c5086d0d53e6e9ec2c362 [none]
[debug] [2021-10-20T17:19:54.611Z] >>> [apiv2][body] POST https://upload-firebasehosting.googleapis.com/upload/sites/sheba-for-life/versions/a3d7ce1407cc3d85/files/60caf53e56dfa6fc50d246ed998b14f2c4e712d1eb9c5086d0d53e6e9ec2c362 [stream]
[debug] [2021-10-20T17:19:54.615Z] [uploadQueue] Retrying task 1231141a877bb695a7760687deced7a7fa4fb4d4b72d17649a20f50858b150e4
[debug] [2021-10-20T17:19:54.615Z] >>> [apiv2][query] POST https://upload-firebasehosting.googleapis.com/upload/sites/sheba-for-life/versions/a3d7ce1407cc3d85/files/1231141a877bb695a7760687deced7a7fa4fb4d4b72d17649a20f50858b150e4 [none]
[debug] [2021-10-20T17:19:54.616Z] >>> [apiv2][body] POST https://upload-firebasehosting.googleapis.com/upload/sites/sheba-for-life/versions/a3d7ce1407cc3d85/files/1231141a877bb695a7760687deced7a7fa4fb4d4b72d17649a20f50858b150e4 [stream]
[debug] [2021-10-20T17:19:54.619Z] [uploadQueue] Retrying task eae62e993eb980ec8a25058c39d5a51feab118bd2100c4deebb2a9c158ec11f9
[debug] [2021-10-20T17:19:54.619Z] >>> [apiv2][query] POST https://upload-firebasehosting.googleapis.com/upload/sites/sheba-for-life/versions/a3d7ce1407cc3d85/files/eae62e993eb980ec8a25058c39d5a51feab118bd2100c4deebb2a9c158ec11f9 [none]
[debug] [2021-10-20T17:19:54.619Z] >>> [apiv2][body] POST https://upload-firebasehosting.googleapis.com/upload/sites/sheba-for-life/versions/a3d7ce1407cc3d85/files/eae62e993eb980ec8a25058c39d5a51feab118bd2100c4deebb2a9c158ec11f9 [stream]
[debug] [2021-10-20T17:19:54.623Z] [uploadQueue] Retrying task 4d9f068dec0322dc63be823177bf08c1c143f5074d63cbc9b5abdb62e13996be
[debug] [2021-10-20T17:19:54.624Z] >>> [apiv2][query] POST https://upload-firebasehosting.googleapis.com/upload/sites/sheba-for-life/versions/a3d7ce1407cc3d85/files/4d9f068dec0322dc63be823177bf08c1c143f5074d63cbc9b5abdb62e13996be [none]
[debug] [2021-10-20T17:19:54.624Z] >>> [apiv2][body] POST https://upload-firebasehosting.googleapis.com/upload/sites/sheba-for-life/versions/a3d7ce1407cc3d85/files/4d9f068dec0322dc63be823177bf08c1c143f5074d63cbc9b5abdb62e13996be [stream]
[debug] [2021-10-20T17:19:54.627Z] [uploadQueue] Retrying task 536d4e0c13de847e0de2926d05cfe990325eb5d21cf60567e65123dd2be936b5
[debug] [2021-10-20T17:19:54.628Z] >>> [apiv2][query] POST https://upload-firebasehosting.googleapis.com/upload/sites/sheba-for-life/versions/a3d7ce1407cc3d85/files/536d4e0c13de847e0de2926d05cfe990325eb5d21cf60567e65123dd2be936b5 [none]
[debug] [2021-10-20T17:19:54.628Z] >>> [apiv2][body] POST https://upload-firebasehosting.googleapis.com/upload/sites/sheba-for-life/versions/a3d7ce1407cc3d85/files/536d4e0c13de847e0de2926d05cfe990325eb5d21cf60567e65123dd2be936b5 [stream]
[debug] [2021-10-20T17:19:54.631Z] [uploadQueue] Retrying task 299213781bf24e14a687703f49939ca2e747a2cf0660f39db2a9849ae23cee4f
[debug] [2021-10-20T17:19:54.632Z] >>> [apiv2][query] POST https://upload-firebasehosting.googleapis.com/upload/sites/sheba-for-life/versions/a3d7ce1407cc3d85/files/299213781bf24e14a687703f49939ca2e747a2cf0660f39db2a9849ae23cee4f [none]
[debug] [2021-10-20T17:19:54.632Z] >>> [apiv2][body] POST https://upload-firebasehosting.googleapis.com/upload/sites/sheba-for-life/versions/a3d7ce1407cc3d85/files/299213781bf24e14a687703f49939ca2e747a2cf0660f39db2a9849ae23cee4f [stream]
[debug] [2021-10-20T17:19:54.635Z] [uploadQueue] Retrying task 9f7c2d8c63097b35ccdf127ea8732501452d6220bd33e6fd1f24b0366909e2af
[debug] [2021-10-20T17:19:54.635Z] >>> [apiv2][query] POST https://upload-firebasehosting.googleapis.com/upload/sites/sheba-for-life/versions/a3d7ce1407cc3d85/files/9f7c2d8c63097b35ccdf127ea8732501452d6220bd33e6fd1f24b0366909e2af [none]
[debug] [2021-10-20T17:19:54.635Z] >>> [apiv2][body] POST https://upload-firebasehosting.googleapis.com/upload/sites/sheba-for-life/versions/a3d7ce1407cc3d85/files/9f7c2d8c63097b35ccdf127ea8732501452d6220bd33e6fd1f24b0366909e2af [stream]
[debug] [2021-10-20T17:19:54.916Z] [uploadQueue] Retrying task 9acd5bda1c772328bdf9bc5b8bcc65d69128e4ffc79094b818a1045b0e7aaf67
[debug] [2021-10-20T17:19:54.916Z] >>> [apiv2][query] POST https://upload-firebasehosting.googleapis.com/upload/sites/sheba-for-life/versions/a3d7ce1407cc3d85/files/9acd5bda1c772328bdf9bc5b8bcc65d69128e4ffc79094b818a1045b0e7aaf67 [none]
[debug] [2021-10-20T17:19:54.917Z] >>> [apiv2][body] POST https://upload-firebasehosting.googleapis.com/upload/sites/sheba-for-life/versions/a3d7ce1407cc3d85/files/9acd5bda1c772328bdf9bc5b8bcc65d69128e4ffc79094b818a1045b0e7aaf67 [stream]
[debug] [2021-10-20T17:20:00.259Z] [uploadQueue] Retrying task 5bfea6356f4d2096a24c2d926e40d07e7693010b7a1e7463da373192746dbe20
[debug] [2021-10-20T17:20:00.260Z] >>> [apiv2][query] POST https://upload-firebasehosting.googleapis.com/upload/sites/sheba-for-life/versions/a3d7ce1407cc3d85/files/5bfea6356f4d2096a24c2d926e40d07e7693010b7a1e7463da373192746dbe20 [none]
[debug] [2021-10-20T17:20:00.260Z] >>> [apiv2][body] POST https://upload-firebasehosting.googleapis.com/upload/sites/sheba-for-life/versions/a3d7ce1407cc3d85/files/5bfea6356f4d2096a24c2d926e40d07e7693010b7a1e7463da373192746dbe20 [stream]
[debug] [2021-10-20T17:20:09.774Z] [uploadQueue] Retrying task 634e8b40b8b9e8818eed861ad890562eb328a8d2a5de309f52e349687678e882
[debug] [2021-10-20T17:20:09.775Z] >>> [apiv2][query] POST https://upload-firebasehosting.googleapis.com/upload/sites/sheba-for-life/versions/a3d7ce1407cc3d85/files/634e8b40b8b9e8818eed861ad890562eb328a8d2a5de309f52e349687678e882 [none]
[debug] [2021-10-20T17:20:09.775Z] >>> [apiv2][body] POST https://upload-firebasehosting.googleapis.com/upload/sites/sheba-for-life/versions/a3d7ce1407cc3d85/files/634e8b40b8b9e8818eed861ad890562eb328a8d2a5de309f52e349687678e882 [stream]
[debug] [2021-10-20T17:20:12.009Z] [uploadQueue] Retrying task 16167e3c3fd078b101e2b8e8de6f5f345cc06354da4638179a25e7d463147b14
[debug] [2021-10-20T17:20:12.009Z] >>> [apiv2][query] POST https://upload-firebasehosting.googleapis.com/upload/sites/sheba-for-life/versions/a3d7ce1407cc3d85/files/16167e3c3fd078b101e2b8e8de6f5f345cc06354da4638179a25e7d463147b14 [none]
[debug] [2021-10-20T17:20:12.009Z] >>> [apiv2][body] POST https://upload-firebasehosting.googleapis.com/upload/sites/sheba-for-life/versions/a3d7ce1407cc3d85/files/16167e3c3fd078b101e2b8e8de6f5f345cc06354da4638179a25e7d463147b14 [stream]
[debug] [2021-10-20T17:20:18.700Z] [uploadQueue] Retrying task 20def4ba74b202917029bdffa026151fbddc26256effba6c52dccb0a3f36de52
[debug] [2021-10-20T17:20:18.701Z] >>> [apiv2][query] POST https://upload-firebasehosting.googleapis.com/upload/sites/sheba-for-life/versions/a3d7ce1407cc3d85/files/20def4ba74b202917029bdffa026151fbddc26256effba6c52dccb0a3f36de52 [none]
[debug] [2021-10-20T17:20:18.701Z] >>> [apiv2][body] POST https://upload-firebasehosting.googleapis.com/upload/sites/sheba-for-life/versions/a3d7ce1407cc3d85/files/20def4ba74b202917029bdffa026151fbddc26256effba6c52dccb0a3f36de52 [stream]
[debug] [2021-10-20T17:20:22.730Z] [uploadQueue] Retrying task d42d1fdf8ea92c45cef707f26b0c60136e87c1cc02fe3f601ff155ca97b9e401
[debug] [2021-10-20T17:20:22.730Z] >>> [apiv2][query] POST https://upload-firebasehosting.googleapis.com/upload/sites/sheba-for-life/versions/a3d7ce1407cc3d85/files/d42d1fdf8ea92c45cef707f26b0c60136e87c1cc02fe3f601ff155ca97b9e401 [none]
[debug] [2021-10-20T17:20:22.731Z] >>> [apiv2][body] POST https://upload-firebasehosting.googleapis.com/upload/sites/sheba-for-life/versions/a3d7ce1407cc3d85/files/d42d1fdf8ea92c45cef707f26b0c60136e87c1cc02fe3f601ff155ca97b9e401 [stream]
[debug] [2021-10-20T17:20:23.513Z] [uploadQueue] Retrying task bfe106a3fb878dc83461c86818bf74fc1bdc7f28538ba613cd3e775516ce8b49
[debug] [2021-10-20T17:20:23.514Z] >>> [apiv2][query] POST https://upload-firebasehosting.googleapis.com/upload/sites/sheba-for-life/versions/a3d7ce1407cc3d85/files/bfe106a3fb878dc83461c86818bf74fc1bdc7f28538ba613cd3e775516ce8b49 [none]
[debug] [2021-10-20T17:20:23.514Z] >>> [apiv2][body] POST https://upload-firebasehosting.googleapis.com/upload/sites/sheba-for-life/versions/a3d7ce1407cc3d85/files/bfe106a3fb878dc83461c86818bf74fc1bdc7f28538ba613cd3e775516ce8b49 [stream]
[debug] [2021-10-20T17:20:23.770Z] [uploadQueue] Retrying task 82b52bc3d7374c35af0fe257e1f3cd494f7c30921038a52240c75a703fe1c378
[debug] [2021-10-20T17:20:23.771Z] >>> [apiv2][query] POST https://upload-firebasehosting.googleapis.com/upload/sites/sheba-for-life/versions/a3d7ce1407cc3d85/files/82b52bc3d7374c35af0fe257e1f3cd494f7c30921038a52240c75a703fe1c378 [none]
[debug] [2021-10-20T17:20:23.771Z] >>> [apiv2][body] POST https://upload-firebasehosting.googleapis.com/upload/sites/sheba-for-life/versions/a3d7ce1407cc3d85/files/82b52bc3d7374c35af0fe257e1f3cd494f7c30921038a52240c75a703fe1c378 [stream]
[debug] [2021-10-20T17:20:25.053Z] [uploadQueue] Retrying task 2db2ac13052e04d776079c469601b89319694b81f871e6c08d903d1a61f3b1f3
[debug] [2021-10-20T17:20:25.053Z] >>> [apiv2][query] POST https://upload-firebasehosting.googleapis.com/upload/sites/sheba-for-life/versions/a3d7ce1407cc3d85/files/2db2ac13052e04d776079c469601b89319694b81f871e6c08d903d1a61f3b1f3 [none]
[debug] [2021-10-20T17:20:25.053Z] >>> [apiv2][body] POST https://upload-firebasehosting.googleapis.com/upload/sites/sheba-for-life/versions/a3d7ce1407cc3d85/files/2db2ac13052e04d776079c469601b89319694b81f871e6c08d903d1a61f3b1f3 [stream]
[debug] [2021-10-20T17:20:25.125Z] [uploadQueue] Retrying task 8dc09036be15da6f8a047e90a371495aeee05be3e0c7e3c31629cf841cc405f2
[debug] [2021-10-20T17:20:25.125Z] >>> [apiv2][query] POST https://upload-firebasehosting.googleapis.com/upload/sites/sheba-for-life/versions/a3d7ce1407cc3d85/files/8dc09036be15da6f8a047e90a371495aeee05be3e0c7e3c31629cf841cc405f2 [none]
[debug] [2021-10-20T17:20:25.126Z] >>> [apiv2][body] POST https://upload-firebasehosting.googleapis.com/upload/sites/sheba-for-life/versions/a3d7ce1407cc3d85/files/8dc09036be15da6f8a047e90a371495aeee05be3e0c7e3c31629cf841cc405f2 [stream]
[debug] [2021-10-20T17:20:25.128Z] [uploadQueue] Retrying task 1e4bf4d3ca661303257c6d95c6d7a53c15802fadc9ca30c741de916adc596cfe
[debug] [2021-10-20T17:20:25.129Z] >>> [apiv2][query] POST https://upload-firebasehosting.googleapis.com/upload/sites/sheba-for-life/versions/a3d7ce1407cc3d85/files/1e4bf4d3ca661303257c6d95c6d7a53c15802fadc9ca30c741de916adc596cfe [none]
[debug] [2021-10-20T17:20:25.130Z] >>> [apiv2][body] POST https://upload-firebasehosting.googleapis.com/upload/sites/sheba-for-life/versions/a3d7ce1407cc3d85/files/1e4bf4d3ca661303257c6d95c6d7a53c15802fadc9ca30c741de916adc596cfe [stream]
[debug] [2021-10-20T17:20:25.390Z] [uploadQueue] Retrying task 4715db6395d5d6797c4e62c383b3b1f7ab99e327dd0659595d4547617ec22c82
[debug] [2021-10-20T17:20:25.391Z] >>> [apiv2][query] POST https://upload-firebasehosting.googleapis.com/upload/sites/sheba-for-life/versions/a3d7ce1407cc3d85/files/4715db6395d5d6797c4e62c383b3b1f7ab99e327dd0659595d4547617ec22c82 [none]
[debug] [2021-10-20T17:20:25.391Z] >>> [apiv2][body] POST https://upload-firebasehosting.googleapis.com/upload/sites/sheba-for-life/versions/a3d7ce1407cc3d85/files/4715db6395d5d6797c4e62c383b3b1f7ab99e327dd0659595d4547617ec22c82 [stream]
[debug] [2021-10-20T17:20:25.394Z] [uploadQueue] Retrying task aff3449bdc238776f5d6d967f19ec491b36aed5fb7f23ccff6500736fd58494a
[debug] [2021-10-20T17:20:25.395Z] >>> [apiv2][query] POST https://upload-firebasehosting.googleapis.com/upload/sites/sheba-for-life/versions/a3d7ce1407cc3d85/files/aff3449bdc238776f5d6d967f19ec491b36aed5fb7f23ccff6500736fd58494a [none]
[debug] [2021-10-20T17:20:25.395Z] >>> [apiv2][body] POST https://upload-firebasehosting.googleapis.com/upload/sites/sheba-for-life/versions/a3d7ce1407cc3d85/files/aff3449bdc238776f5d6d967f19ec491b36aed5fb7f23ccff6500736fd58494a [stream]
[debug] [2021-10-20T17:20:25.398Z] [uploadQueue] Retrying task 3ee59515172ee198f3be375979df15ac5345183e656720a381b8872b2a39dc8b
[debug] [2021-10-20T17:20:25.399Z] >>> [apiv2][query] POST https://upload-firebasehosting.googleapis.com/upload/sites/sheba-for-life/versions/a3d7ce1407cc3d85/files/3ee59515172ee198f3be375979df15ac5345183e656720a381b8872b2a39dc8b [none]
[debug] [2021-10-20T17:20:25.399Z] >>> [apiv2][body] POST https://upload-firebasehosting.googleapis.com/upload/sites/sheba-for-life/versions/a3d7ce1407cc3d85/files/3ee59515172ee198f3be375979df15ac5345183e656720a381b8872b2a39dc8b [stream]
[debug] [2021-10-20T17:20:25.403Z] [uploadQueue] Retrying task f6193c86c7cce1764fccf39408a7f9f04ce4e62af813ffeb8ea837790bd1567f
[debug] [2021-10-20T17:20:25.403Z] >>> [apiv2][query] POST https://upload-firebasehosting.googleapis.com/upload/sites/sheba-for-life/versions/a3d7ce1407cc3d85/files/f6193c86c7cce1764fccf39408a7f9f04ce4e62af813ffeb8ea837790bd1567f [none]
[debug] [2021-10-20T17:20:25.403Z] >>> [apiv2][body] POST https://upload-firebasehosting.googleapis.com/upload/sites/sheba-for-life/versions/a3d7ce1407cc3d85/files/f6193c86c7cce1764fccf39408a7f9f04ce4e62af813ffeb8ea837790bd1567f [stream]
[debug] [2021-10-20T17:20:25.408Z] [uploadQueue] Retrying task ee7e2f3fdb8209c4b6fd7bef6ba50d1b9dba30a25bb5c3126df057e1cb6f5331
[debug] [2021-10-20T17:20:25.409Z] >>> [apiv2][query] POST https://upload-firebasehosting.googleapis.com/upload/sites/sheba-for-life/versions/a3d7ce1407cc3d85/files/ee7e2f3fdb8209c4b6fd7bef6ba50d1b9dba30a25bb5c3126df057e1cb6f5331 [none]
[debug] [2021-10-20T17:20:25.409Z] >>> [apiv2][body] POST https://upload-firebasehosting.googleapis.com/upload/sites/sheba-for-life/versions/a3d7ce1407cc3d85/files/ee7e2f3fdb8209c4b6fd7bef6ba50d1b9dba30a25bb5c3126df057e1cb6f5331 [stream]
[debug] [2021-10-20T17:20:25.411Z] [uploadQueue] Retrying task 60caf53e56dfa6fc50d246ed998b14f2c4e712d1eb9c5086d0d53e6e9ec2c362
[debug] [2021-10-20T17:20:25.412Z] >>> [apiv2][query] POST https://upload-firebasehosting.googleapis.com/upload/sites/sheba-for-life/versions/a3d7ce1407cc3d85/files/60caf53e56dfa6fc50d246ed998b14f2c4e712d1eb9c5086d0d53e6e9ec2c362 [none]
[debug] [2021-10-20T17:20:25.412Z] >>> [apiv2][body] POST https://upload-firebasehosting.googleapis.com/upload/sites/sheba-for-life/versions/a3d7ce1407cc3d85/files/60caf53e56dfa6fc50d246ed998b14f2c4e712d1eb9c5086d0d53e6e9ec2c362 [stream]
[debug] [2021-10-20T17:20:25.416Z] [uploadQueue] Retrying task 1231141a877bb695a7760687deced7a7fa4fb4d4b72d17649a20f50858b150e4
[debug] [2021-10-20T17:20:25.417Z] >>> [apiv2][query] POST https://upload-firebasehosting.googleapis.com/upload/sites/sheba-for-life/versions/a3d7ce1407cc3d85/files/1231141a877bb695a7760687deced7a7fa4fb4d4b72d17649a20f50858b150e4 [none]
[debug] [2021-10-20T17:20:25.417Z] >>> [apiv2][body] POST https://upload-firebasehosting.googleapis.com/upload/sites/sheba-for-life/versions/a3d7ce1407cc3d85/files/1231141a877bb695a7760687deced7a7fa4fb4d4b72d17649a20f50858b150e4 [stream]
[debug] [2021-10-20T17:20:25.421Z] [uploadQueue] Retrying task eae62e993eb980ec8a25058c39d5a51feab118bd2100c4deebb2a9c158ec11f9
[debug] [2021-10-20T17:20:25.421Z] >>> [apiv2][query] POST https://upload-firebasehosting.googleapis.com/upload/sites/sheba-for-life/versions/a3d7ce1407cc3d85/files/eae62e993eb980ec8a25058c39d5a51feab118bd2100c4deebb2a9c158ec11f9 [none]
[debug] [2021-10-20T17:20:25.421Z] >>> [apiv2][body] POST https://upload-firebasehosting.googleapis.com/upload/sites/sheba-for-life/versions/a3d7ce1407cc3d85/files/eae62e993eb980ec8a25058c39d5a51feab118bd2100c4deebb2a9c158ec11f9 [stream]
[debug] [2021-10-20T17:20:25.424Z] [uploadQueue] Retrying task 4d9f068dec0322dc63be823177bf08c1c143f5074d63cbc9b5abdb62e13996be
[debug] [2021-10-20T17:20:25.425Z] >>> [apiv2][query] POST https://upload-firebasehosting.googleapis.com/upload/sites/sheba-for-life/versions/a3d7ce1407cc3d85/files/4d9f068dec0322dc63be823177bf08c1c143f5074d63cbc9b5abdb62e13996be [none]
[debug] [2021-10-20T17:20:25.425Z] >>> [apiv2][body] POST https://upload-firebasehosting.googleapis.com/upload/sites/sheba-for-life/versions/a3d7ce1407cc3d85/files/4d9f068dec0322dc63be823177bf08c1c143f5074d63cbc9b5abdb62e13996be [stream]
[debug] [2021-10-20T17:20:25.430Z] [uploadQueue] Retrying task 536d4e0c13de847e0de2926d05cfe990325eb5d21cf60567e65123dd2be936b5
[debug] [2021-10-20T17:20:25.430Z] >>> [apiv2][query] POST https://upload-firebasehosting.googleapis.com/upload/sites/sheba-for-life/versions/a3d7ce1407cc3d85/files/536d4e0c13de847e0de2926d05cfe990325eb5d21cf60567e65123dd2be936b5 [none]
[debug] [2021-10-20T17:20:25.430Z] >>> [apiv2][body] POST https://upload-firebasehosting.googleapis.com/upload/sites/sheba-for-life/versions/a3d7ce1407cc3d85/files/536d4e0c13de847e0de2926d05cfe990325eb5d21cf60567e65123dd2be936b5 [stream]
[debug] [2021-10-20T17:20:25.434Z] [uploadQueue] Retrying task 299213781bf24e14a687703f49939ca2e747a2cf0660f39db2a9849ae23cee4f
[debug] [2021-10-20T17:20:25.435Z] >>> [apiv2][query] POST https://upload-firebasehosting.googleapis.com/upload/sites/sheba-for-life/versions/a3d7ce1407cc3d85/files/299213781bf24e14a687703f49939ca2e747a2cf0660f39db2a9849ae23cee4f [none]
[debug] [2021-10-20T17:20:25.435Z] >>> [apiv2][body] POST https://upload-firebasehosting.googleapis.com/upload/sites/sheba-for-life/versions/a3d7ce1407cc3d85/files/299213781bf24e14a687703f49939ca2e747a2cf0660f39db2a9849ae23cee4f [stream]
[debug] [2021-10-20T17:20:25.438Z] [uploadQueue] Retrying task 9f7c2d8c63097b35ccdf127ea8732501452d6220bd33e6fd1f24b0366909e2af
[debug] [2021-10-20T17:20:25.439Z] >>> [apiv2][query] POST https://upload-firebasehosting.googleapis.com/upload/sites/sheba-for-life/versions/a3d7ce1407cc3d85/files/9f7c2d8c63097b35ccdf127ea8732501452d6220bd33e6fd1f24b0366909e2af [none]
[debug] [2021-10-20T17:20:25.439Z] >>> [apiv2][body] POST https://upload-firebasehosting.googleapis.com/upload/sites/sheba-for-life/versions/a3d7ce1407cc3d85/files/9f7c2d8c63097b35ccdf127ea8732501452d6220bd33e6fd1f24b0366909e2af [stream]
[debug] [2021-10-20T17:20:34.120Z] [uploadQueue] Retrying task 5bfea6356f4d2096a24c2d926e40d07e7693010b7a1e7463da373192746dbe20
[debug] [2021-10-20T17:20:34.120Z] >>> [apiv2][query] POST https://upload-firebasehosting.googleapis.com/upload/sites/sheba-for-life/versions/a3d7ce1407cc3d85/files/5bfea6356f4d2096a24c2d926e40d07e7693010b7a1e7463da373192746dbe20 [none]
[debug] [2021-10-20T17:20:34.120Z] >>> [apiv2][body] POST https://upload-firebasehosting.googleapis.com/upload/sites/sheba-for-life/versions/a3d7ce1407cc3d85/files/5bfea6356f4d2096a24c2d926e40d07e7693010b7a1e7463da373192746dbe20 [stream]
[debug] [2021-10-20T17:20:36.737Z] [uploadQueue] Retrying task 9acd5bda1c772328bdf9bc5b8bcc65d69128e4ffc79094b818a1045b0e7aaf67
[debug] [2021-10-20T17:20:36.738Z] >>> [apiv2][query] POST https://upload-firebasehosting.googleapis.com/upload/sites/sheba-for-life/versions/a3d7ce1407cc3d85/files/9acd5bda1c772328bdf9bc5b8bcc65d69128e4ffc79094b818a1045b0e7aaf67 [none]
[debug] [2021-10-20T17:20:36.738Z] >>> [apiv2][body] POST https://upload-firebasehosting.googleapis.com/upload/sites/sheba-for-life/versions/a3d7ce1407cc3d85/files/9acd5bda1c772328bdf9bc5b8bcc65d69128e4ffc79094b818a1045b0e7aaf67 [stream]
[debug] [2021-10-20T17:20:41.995Z] [uploadQueue] Retrying task 634e8b40b8b9e8818eed861ad890562eb328a8d2a5de309f52e349687678e882
[debug] [2021-10-20T17:20:41.996Z] >>> [apiv2][query] POST https://upload-firebasehosting.googleapis.com/upload/sites/sheba-for-life/versions/a3d7ce1407cc3d85/files/634e8b40b8b9e8818eed861ad890562eb328a8d2a5de309f52e349687678e882 [none]
[debug] [2021-10-20T17:20:41.996Z] >>> [apiv2][body] POST https://upload-firebasehosting.googleapis.com/upload/sites/sheba-for-life/versions/a3d7ce1407cc3d85/files/634e8b40b8b9e8818eed861ad890562eb328a8d2a5de309f52e349687678e882 [stream]
[debug] [2021-10-20T17:20:43.611Z] [uploadQueue] Retrying task 16167e3c3fd078b101e2b8e8de6f5f345cc06354da4638179a25e7d463147b14
[debug] [2021-10-20T17:20:43.611Z] >>> [apiv2][query] POST https://upload-firebasehosting.googleapis.com/upload/sites/sheba-for-life/versions/a3d7ce1407cc3d85/files/16167e3c3fd078b101e2b8e8de6f5f345cc06354da4638179a25e7d463147b14 [none]
[debug] [2021-10-20T17:20:43.611Z] >>> [apiv2][body] POST https://upload-firebasehosting.googleapis.com/upload/sites/sheba-for-life/versions/a3d7ce1407cc3d85/files/16167e3c3fd078b101e2b8e8de6f5f345cc06354da4638179a25e7d463147b14 [stream]
[debug] [2021-10-20T17:20:50.300Z] [uploadQueue] Retrying task 20def4ba74b202917029bdffa026151fbddc26256effba6c52dccb0a3f36de52
[debug] [2021-10-20T17:20:50.301Z] >>> [apiv2][query] POST https://upload-firebasehosting.googleapis.com/upload/sites/sheba-for-life/versions/a3d7ce1407cc3d85/files/20def4ba74b202917029bdffa026151fbddc26256effba6c52dccb0a3f36de52 [none]
[debug] [2021-10-20T17:20:50.301Z] >>> [apiv2][body] POST https://upload-firebasehosting.googleapis.com/upload/sites/sheba-for-life/versions/a3d7ce1407cc3d85/files/20def4ba74b202917029bdffa026151fbddc26256effba6c52dccb0a3f36de52 [stream]
[debug] [2021-10-20T17:20:54.331Z] [uploadQueue] Retrying task d42d1fdf8ea92c45cef707f26b0c60136e87c1cc02fe3f601ff155ca97b9e401
[debug] [2021-10-20T17:20:54.332Z] >>> [apiv2][query] POST https://upload-firebasehosting.googleapis.com/upload/sites/sheba-for-life/versions/a3d7ce1407cc3d85/files/d42d1fdf8ea92c45cef707f26b0c60136e87c1cc02fe3f601ff155ca97b9e401 [none]
[debug] [2021-10-20T17:20:54.332Z] >>> [apiv2][body] POST https://upload-firebasehosting.googleapis.com/upload/sites/sheba-for-life/versions/a3d7ce1407cc3d85/files/d42d1fdf8ea92c45cef707f26b0c60136e87c1cc02fe3f601ff155ca97b9e401 [stream]
[debug] [2021-10-20T17:20:55.114Z] [uploadQueue] Retrying task bfe106a3fb878dc83461c86818bf74fc1bdc7f28538ba613cd3e775516ce8b49
[debug] [2021-10-20T17:20:55.114Z] >>> [apiv2][query] POST https://upload-firebasehosting.googleapis.com/upload/sites/sheba-for-life/versions/a3d7ce1407cc3d85/files/bfe106a3fb878dc83461c86818bf74fc1bdc7f28538ba613cd3e775516ce8b49 [none]
[debug] [2021-10-20T17:20:55.114Z] >>> [apiv2][body] POST https://upload-firebasehosting.googleapis.com/upload/sites/sheba-for-life/versions/a3d7ce1407cc3d85/files/bfe106a3fb878dc83461c86818bf74fc1bdc7f28538ba613cd3e775516ce8b49 [stream]
[debug] [2021-10-20T17:20:55.374Z] [uploadQueue] Retrying task 82b52bc3d7374c35af0fe257e1f3cd494f7c30921038a52240c75a703fe1c378
[debug] [2021-10-20T17:20:55.374Z] >>> [apiv2][query] POST https://upload-firebasehosting.googleapis.com/upload/sites/sheba-for-life/versions/a3d7ce1407cc3d85/files/82b52bc3d7374c35af0fe257e1f3cd494f7c30921038a52240c75a703fe1c378 [none]
[debug] [2021-10-20T17:20:55.374Z] >>> [apiv2][body] POST https://upload-firebasehosting.googleapis.com/upload/sites/sheba-for-life/versions/a3d7ce1407cc3d85/files/82b52bc3d7374c35af0fe257e1f3cd494f7c30921038a52240c75a703fe1c378 [stream]
[debug] [2021-10-20T17:20:56.656Z] [uploadQueue] Retrying task 2db2ac13052e04d776079c469601b89319694b81f871e6c08d903d1a61f3b1f3
[debug] [2021-10-20T17:20:56.656Z] >>> [apiv2][query] POST https://upload-firebasehosting.googleapis.com/upload/sites/sheba-for-life/versions/a3d7ce1407cc3d85/files/2db2ac13052e04d776079c469601b89319694b81f871e6c08d903d1a61f3b1f3 [none]
[debug] [2021-10-20T17:20:56.656Z] >>> [apiv2][body] POST https://upload-firebasehosting.googleapis.com/upload/sites/sheba-for-life/versions/a3d7ce1407cc3d85/files/2db2ac13052e04d776079c469601b89319694b81f871e6c08d903d1a61f3b1f3 [stream]
[debug] [2021-10-20T17:20:56.726Z] [uploadQueue] Retrying task 8dc09036be15da6f8a047e90a371495aeee05be3e0c7e3c31629cf841cc405f2
[debug] [2021-10-20T17:20:56.726Z] >>> [apiv2][query] POST https://upload-firebasehosting.googleapis.com/upload/sites/sheba-for-life/versions/a3d7ce1407cc3d85/files/8dc09036be15da6f8a047e90a371495aeee05be3e0c7e3c31629cf841cc405f2 [none]
[debug] [2021-10-20T17:20:56.727Z] >>> [apiv2][body] POST https://upload-firebasehosting.googleapis.com/upload/sites/sheba-for-life/versions/a3d7ce1407cc3d85/files/8dc09036be15da6f8a047e90a371495aeee05be3e0c7e3c31629cf841cc405f2 [stream]
[debug] [2021-10-20T17:20:56.728Z] [uploadQueue] Retrying task 1e4bf4d3ca661303257c6d95c6d7a53c15802fadc9ca30c741de916adc596cfe
[debug] [2021-10-20T17:20:56.728Z] >>> [apiv2][query] POST https://upload-firebasehosting.googleapis.com/upload/sites/sheba-for-life/versions/a3d7ce1407cc3d85/files/1e4bf4d3ca661303257c6d95c6d7a53c15802fadc9ca30c741de916adc596cfe [none]
[debug] [2021-10-20T17:20:56.728Z] >>> [apiv2][body] POST https://upload-firebasehosting.googleapis.com/upload/sites/sheba-for-life/versions/a3d7ce1407cc3d85/files/1e4bf4d3ca661303257c6d95c6d7a53c15802fadc9ca30c741de916adc596cfe [stream]
[debug] [2021-10-20T17:20:56.990Z] [uploadQueue] Retrying task 4715db6395d5d6797c4e62c383b3b1f7ab99e327dd0659595d4547617ec22c82
[debug] [2021-10-20T17:20:56.991Z] >>> [apiv2][query] POST https://upload-firebasehosting.googleapis.com/upload/sites/sheba-for-life/versions/a3d7ce1407cc3d85/files/4715db6395d5d6797c4e62c383b3b1f7ab99e327dd0659595d4547617ec22c82 [none]
[debug] [2021-10-20T17:20:56.991Z] >>> [apiv2][body] POST https://upload-firebasehosting.googleapis.com/upload/sites/sheba-for-life/versions/a3d7ce1407cc3d85/files/4715db6395d5d6797c4e62c383b3b1f7ab99e327dd0659595d4547617ec22c82 [stream]
[debug] [2021-10-20T17:20:56.996Z] [uploadQueue] Retrying task aff3449bdc238776f5d6d967f19ec491b36aed5fb7f23ccff6500736fd58494a
[debug] [2021-10-20T17:20:56.997Z] >>> [apiv2][query] POST https://upload-firebasehosting.googleapis.com/upload/sites/sheba-for-life/versions/a3d7ce1407cc3d85/files/aff3449bdc238776f5d6d967f19ec491b36aed5fb7f23ccff6500736fd58494a [none]
[debug] [2021-10-20T17:20:56.997Z] >>> [apiv2][body] POST https://upload-firebasehosting.googleapis.com/upload/sites/sheba-for-life/versions/a3d7ce1407cc3d85/files/aff3449bdc238776f5d6d967f19ec491b36aed5fb7f23ccff6500736fd58494a [stream]
[debug] [2021-10-20T17:20:57.000Z] [uploadQueue] Retrying task 3ee59515172ee198f3be375979df15ac5345183e656720a381b8872b2a39dc8b
[debug] [2021-10-20T17:20:57.001Z] >>> [apiv2][query] POST https://upload-firebasehosting.googleapis.com/upload/sites/sheba-for-life/versions/a3d7ce1407cc3d85/files/3ee59515172ee198f3be375979df15ac5345183e656720a381b8872b2a39dc8b [none]
[debug] [2021-10-20T17:20:57.001Z] >>> [apiv2][body] POST https://upload-firebasehosting.googleapis.com/upload/sites/sheba-for-life/versions/a3d7ce1407cc3d85/files/3ee59515172ee198f3be375979df15ac5345183e656720a381b8872b2a39dc8b [stream]
[debug] [2021-10-20T17:20:57.003Z] [uploadQueue] Retrying task f6193c86c7cce1764fccf39408a7f9f04ce4e62af813ffeb8ea837790bd1567f
[debug] [2021-10-20T17:20:57.004Z] >>> [apiv2][query] POST https://upload-firebasehosting.googleapis.com/upload/sites/sheba-for-life/versions/a3d7ce1407cc3d85/files/f6193c86c7cce1764fccf39408a7f9f04ce4e62af813ffeb8ea837790bd1567f [none]
[debug] [2021-10-20T17:20:57.004Z] >>> [apiv2][body] POST https://upload-firebasehosting.googleapis.com/upload/sites/sheba-for-life/versions/a3d7ce1407cc3d85/files/f6193c86c7cce1764fccf39408a7f9f04ce4e62af813ffeb8ea837790bd1567f [stream]
[debug] [2021-10-20T17:20:57.010Z] [uploadQueue] Retrying task ee7e2f3fdb8209c4b6fd7bef6ba50d1b9dba30a25bb5c3126df057e1cb6f5331
[debug] [2021-10-20T17:20:57.012Z] >>> [apiv2][query] POST https://upload-firebasehosting.googleapis.com/upload/sites/sheba-for-life/versions/a3d7ce1407cc3d85/files/ee7e2f3fdb8209c4b6fd7bef6ba50d1b9dba30a25bb5c3126df057e1cb6f5331 [none]
[debug] [2021-10-20T17:20:57.012Z] >>> [apiv2][body] POST https://upload-firebasehosting.googleapis.com/upload/sites/sheba-for-life/versions/a3d7ce1407cc3d85/files/ee7e2f3fdb8209c4b6fd7bef6ba50d1b9dba30a25bb5c3126df057e1cb6f5331 [stream]
[debug] [2021-10-20T17:20:57.013Z] [uploadQueue] Retrying task 60caf53e56dfa6fc50d246ed998b14f2c4e712d1eb9c5086d0d53e6e9ec2c362
[debug] [2021-10-20T17:20:57.014Z] >>> [apiv2][query] POST https://upload-firebasehosting.googleapis.com/upload/sites/sheba-for-life/versions/a3d7ce1407cc3d85/files/60caf53e56dfa6fc50d246ed998b14f2c4e712d1eb9c5086d0d53e6e9ec2c362 [none]
[debug] [2021-10-20T17:20:57.014Z] >>> [apiv2][body] POST https://upload-firebasehosting.googleapis.com/upload/sites/sheba-for-life/versions/a3d7ce1407cc3d85/files/60caf53e56dfa6fc50d246ed998b14f2c4e712d1eb9c5086d0d53e6e9ec2c362 [stream]
[debug] [2021-10-20T17:20:57.016Z] [uploadQueue] Retrying task 1231141a877bb695a7760687deced7a7fa4fb4d4b72d17649a20f50858b150e4
[debug] [2021-10-20T17:20:57.017Z] >>> [apiv2][query] POST https://upload-firebasehosting.googleapis.com/upload/sites/sheba-for-life/versions/a3d7ce1407cc3d85/files/1231141a877bb695a7760687deced7a7fa4fb4d4b72d17649a20f50858b150e4 [none]
[debug] [2021-10-20T17:20:57.017Z] >>> [apiv2][body] POST https://upload-firebasehosting.googleapis.com/upload/sites/sheba-for-life/versions/a3d7ce1407cc3d85/files/1231141a877bb695a7760687deced7a7fa4fb4d4b72d17649a20f50858b150e4 [stream]
[debug] [2021-10-20T17:20:57.023Z] [uploadQueue] Retrying task eae62e993eb980ec8a25058c39d5a51feab118bd2100c4deebb2a9c158ec11f9
[debug] [2021-10-20T17:20:57.023Z] >>> [apiv2][query] POST https://upload-firebasehosting.googleapis.com/upload/sites/sheba-for-life/versions/a3d7ce1407cc3d85/files/eae62e993eb980ec8a25058c39d5a51feab118bd2100c4deebb2a9c158ec11f9 [none]
[debug] [2021-10-20T17:20:57.023Z] >>> [apiv2][body] POST https://upload-firebasehosting.googleapis.com/upload/sites/sheba-for-life/versions/a3d7ce1407cc3d85/files/eae62e993eb980ec8a25058c39d5a51feab118bd2100c4deebb2a9c158ec11f9 [stream]
[debug] [2021-10-20T17:20:57.025Z] [uploadQueue] Retrying task 4d9f068dec0322dc63be823177bf08c1c143f5074d63cbc9b5abdb62e13996be
[debug] [2021-10-20T17:20:57.026Z] >>> [apiv2][query] POST https://upload-firebasehosting.googleapis.com/upload/sites/sheba-for-life/versions/a3d7ce1407cc3d85/files/4d9f068dec0322dc63be823177bf08c1c143f5074d63cbc9b5abdb62e13996be [none]
[debug] [2021-10-20T17:20:57.026Z] >>> [apiv2][body] POST https://upload-firebasehosting.googleapis.com/upload/sites/sheba-for-life/versions/a3d7ce1407cc3d85/files/4d9f068dec0322dc63be823177bf08c1c143f5074d63cbc9b5abdb62e13996be [stream]
[debug] [2021-10-20T17:20:57.029Z] [uploadQueue] Retrying task 536d4e0c13de847e0de2926d05cfe990325eb5d21cf60567e65123dd2be936b5
[debug] [2021-10-20T17:20:57.030Z] >>> [apiv2][query] POST https://upload-firebasehosting.googleapis.com/upload/sites/sheba-for-life/versions/a3d7ce1407cc3d85/files/536d4e0c13de847e0de2926d05cfe990325eb5d21cf60567e65123dd2be936b5 [none]
[debug] [2021-10-20T17:20:57.030Z] >>> [apiv2][body] POST https://upload-firebasehosting.googleapis.com/upload/sites/sheba-for-life/versions/a3d7ce1407cc3d85/files/536d4e0c13de847e0de2926d05cfe990325eb5d21cf60567e65123dd2be936b5 [stream]
[debug] [2021-10-20T17:20:57.035Z] [uploadQueue] Retrying task 299213781bf24e14a687703f49939ca2e747a2cf0660f39db2a9849ae23cee4f
[debug] [2021-10-20T17:20:57.036Z] >>> [apiv2][query] POST https://upload-firebasehosting.googleapis.com/upload/sites/sheba-for-life/versions/a3d7ce1407cc3d85/files/299213781bf24e14a687703f49939ca2e747a2cf0660f39db2a9849ae23cee4f [none]
[debug] [2021-10-20T17:20:57.036Z] >>> [apiv2][body] POST https://upload-firebasehosting.googleapis.com/upload/sites/sheba-for-life/versions/a3d7ce1407cc3d85/files/299213781bf24e14a687703f49939ca2e747a2cf0660f39db2a9849ae23cee4f [stream]
[debug] [2021-10-20T17:20:57.042Z] [uploadQueue] Retrying task 9f7c2d8c63097b35ccdf127ea8732501452d6220bd33e6fd1f24b0366909e2af
[debug] [2021-10-20T17:20:57.043Z] >>> [apiv2][query] POST https://upload-firebasehosting.googleapis.com/upload/sites/sheba-for-life/versions/a3d7ce1407cc3d85/files/9f7c2d8c63097b35ccdf127ea8732501452d6220bd33e6fd1f24b0366909e2af [none]
[debug] [2021-10-20T17:20:57.043Z] >>> [apiv2][body] POST https://upload-firebasehosting.googleapis.com/upload/sites/sheba-for-life/versions/a3d7ce1407cc3d85/files/9f7c2d8c63097b35ccdf127ea8732501452d6220bd33e6fd1f24b0366909e2af [stream]
[debug] [2021-10-20T17:21:08.782Z] [uploadQueue] Retrying task 5bfea6356f4d2096a24c2d926e40d07e7693010b7a1e7463da373192746dbe20
[debug] [2021-10-20T17:21:08.783Z] >>> [apiv2][query] POST https://upload-firebasehosting.googleapis.com/upload/sites/sheba-for-life/versions/a3d7ce1407cc3d85/files/5bfea6356f4d2096a24c2d926e40d07e7693010b7a1e7463da373192746dbe20 [none]
[debug] [2021-10-20T17:21:08.783Z] >>> [apiv2][body] POST https://upload-firebasehosting.googleapis.com/upload/sites/sheba-for-life/versions/a3d7ce1407cc3d85/files/5bfea6356f4d2096a24c2d926e40d07e7693010b7a1e7463da373192746dbe20 [stream]
[debug] [2021-10-20T17:21:15.817Z] [uploadQueue] Retrying task 634e8b40b8b9e8818eed861ad890562eb328a8d2a5de309f52e349687678e882
[debug] [2021-10-20T17:21:15.817Z] >>> [apiv2][query] POST https://upload-firebasehosting.googleapis.com/upload/sites/sheba-for-life/versions/a3d7ce1407cc3d85/files/634e8b40b8b9e8818eed861ad890562eb328a8d2a5de309f52e349687678e882 [none]
[debug] [2021-10-20T17:21:15.817Z] >>> [apiv2][body] POST https://upload-firebasehosting.googleapis.com/upload/sites/sheba-for-life/versions/a3d7ce1407cc3d85/files/634e8b40b8b9e8818eed861ad890562eb328a8d2a5de309f52e349687678e882 [stream]
[debug] [2021-10-20T17:21:16.814Z] [uploadQueue] Retrying task 16167e3c3fd078b101e2b8e8de6f5f345cc06354da4638179a25e7d463147b14
[debug] [2021-10-20T17:21:16.814Z] >>> [apiv2][query] POST https://upload-firebasehosting.googleapis.com/upload/sites/sheba-for-life/versions/a3d7ce1407cc3d85/files/16167e3c3fd078b101e2b8e8de6f5f345cc06354da4638179a25e7d463147b14 [none]
[debug] [2021-10-20T17:21:16.814Z] >>> [apiv2][body] POST https://upload-firebasehosting.googleapis.com/upload/sites/sheba-for-life/versions/a3d7ce1407cc3d85/files/16167e3c3fd078b101e2b8e8de6f5f345cc06354da4638179a25e7d463147b14 [stream]
[debug] [2021-10-20T17:21:19.357Z] [uploadQueue] Retrying task 9acd5bda1c772328bdf9bc5b8bcc65d69128e4ffc79094b818a1045b0e7aaf67
[debug] [2021-10-20T17:21:19.358Z] >>> [apiv2][query] POST https://upload-firebasehosting.googleapis.com/upload/sites/sheba-for-life/versions/a3d7ce1407cc3d85/files/9acd5bda1c772328bdf9bc5b8bcc65d69128e4ffc79094b818a1045b0e7aaf67 [none]
[debug] [2021-10-20T17:21:19.358Z] >>> [apiv2][body] POST https://upload-firebasehosting.googleapis.com/upload/sites/sheba-for-life/versions/a3d7ce1407cc3d85/files/9acd5bda1c772328bdf9bc5b8bcc65d69128e4ffc79094b818a1045b0e7aaf67 [stream]
[debug] [2021-10-20T17:21:23.503Z] [uploadQueue] Retrying task 20def4ba74b202917029bdffa026151fbddc26256effba6c52dccb0a3f36de52
[debug] [2021-10-20T17:21:23.504Z] >>> [apiv2][query] POST https://upload-firebasehosting.googleapis.com/upload/sites/sheba-for-life/versions/a3d7ce1407cc3d85/files/20def4ba74b202917029bdffa026151fbddc26256effba6c52dccb0a3f36de52 [none]
[debug] [2021-10-20T17:21:23.504Z] >>> [apiv2][body] POST https://upload-firebasehosting.googleapis.com/upload/sites/sheba-for-life/versions/a3d7ce1407cc3d85/files/20def4ba74b202917029bdffa026151fbddc26256effba6c52dccb0a3f36de52 [stream]
[debug] [2021-10-20T17:21:27.531Z] [uploadQueue] Retrying task d42d1fdf8ea92c45cef707f26b0c60136e87c1cc02fe3f601ff155ca97b9e401
[debug] [2021-10-20T17:21:27.532Z] >>> [apiv2][query] POST https://upload-firebasehosting.googleapis.com/upload/sites/sheba-for-life/versions/a3d7ce1407cc3d85/files/d42d1fdf8ea92c45cef707f26b0c60136e87c1cc02fe3f601ff155ca97b9e401 [none]
[debug] [2021-10-20T17:21:27.532Z] >>> [apiv2][body] POST https://upload-firebasehosting.googleapis.com/upload/sites/sheba-for-life/versions/a3d7ce1407cc3d85/files/d42d1fdf8ea92c45cef707f26b0c60136e87c1cc02fe3f601ff155ca97b9e401 [stream]
[debug] [2021-10-20T17:21:28.315Z] [uploadQueue] Retrying task bfe106a3fb878dc83461c86818bf74fc1bdc7f28538ba613cd3e775516ce8b49
[debug] [2021-10-20T17:21:28.317Z] >>> [apiv2][query] POST https://upload-firebasehosting.googleapis.com/upload/sites/sheba-for-life/versions/a3d7ce1407cc3d85/files/bfe106a3fb878dc83461c86818bf74fc1bdc7f28538ba613cd3e775516ce8b49 [none]
[debug] [2021-10-20T17:21:28.317Z] >>> [apiv2][body] POST https://upload-firebasehosting.googleapis.com/upload/sites/sheba-for-life/versions/a3d7ce1407cc3d85/files/bfe106a3fb878dc83461c86818bf74fc1bdc7f28538ba613cd3e775516ce8b49 [stream]
[debug] [2021-10-20T17:21:28.574Z] [uploadQueue] Retrying task 82b52bc3d7374c35af0fe257e1f3cd494f7c30921038a52240c75a703fe1c378
[debug] [2021-10-20T17:21:28.575Z] >>> [apiv2][query] POST https://upload-firebasehosting.googleapis.com/upload/sites/sheba-for-life/versions/a3d7ce1407cc3d85/files/82b52bc3d7374c35af0fe257e1f3cd494f7c30921038a52240c75a703fe1c378 [none]
[debug] [2021-10-20T17:21:28.575Z] >>> [apiv2][body] POST https://upload-firebasehosting.googleapis.com/upload/sites/sheba-for-life/versions/a3d7ce1407cc3d85/files/82b52bc3d7374c35af0fe257e1f3cd494f7c30921038a52240c75a703fe1c378 [stream]
[debug] [2021-10-20T17:21:29.858Z] [uploadQueue] Retrying task 2db2ac13052e04d776079c469601b89319694b81f871e6c08d903d1a61f3b1f3
[debug] [2021-10-20T17:21:29.859Z] >>> [apiv2][query] POST https://upload-firebasehosting.googleapis.com/upload/sites/sheba-for-life/versions/a3d7ce1407cc3d85/files/2db2ac13052e04d776079c469601b89319694b81f871e6c08d903d1a61f3b1f3 [none]
[debug] [2021-10-20T17:21:29.859Z] >>> [apiv2][body] POST https://upload-firebasehosting.googleapis.com/upload/sites/sheba-for-life/versions/a3d7ce1407cc3d85/files/2db2ac13052e04d776079c469601b89319694b81f871e6c08d903d1a61f3b1f3 [stream]
[debug] [2021-10-20T17:21:29.930Z] [uploadQueue] Retrying task 8dc09036be15da6f8a047e90a371495aeee05be3e0c7e3c31629cf841cc405f2
[debug] [2021-10-20T17:21:29.931Z] >>> [apiv2][query] POST https://upload-firebasehosting.googleapis.com/upload/sites/sheba-for-life/versions/a3d7ce1407cc3d85/files/8dc09036be15da6f8a047e90a371495aeee05be3e0c7e3c31629cf841cc405f2 [none]
[debug] [2021-10-20T17:21:29.931Z] >>> [apiv2][body] POST https://upload-firebasehosting.googleapis.com/upload/sites/sheba-for-life/versions/a3d7ce1407cc3d85/files/8dc09036be15da6f8a047e90a371495aeee05be3e0c7e3c31629cf841cc405f2 [stream]
[debug] [2021-10-20T17:21:29.932Z] [uploadQueue] Retrying task 1e4bf4d3ca661303257c6d95c6d7a53c15802fadc9ca30c741de916adc596cfe
[debug] [2021-10-20T17:21:29.932Z] >>> [apiv2][query] POST https://upload-firebasehosting.googleapis.com/upload/sites/sheba-for-life/versions/a3d7ce1407cc3d85/files/1e4bf4d3ca661303257c6d95c6d7a53c15802fadc9ca30c741de916adc596cfe [none]
[debug] [2021-10-20T17:21:29.932Z] >>> [apiv2][body] POST https://upload-firebasehosting.googleapis.com/upload/sites/sheba-for-life/versions/a3d7ce1407cc3d85/files/1e4bf4d3ca661303257c6d95c6d7a53c15802fadc9ca30c741de916adc596cfe [stream]
[debug] [2021-10-20T17:21:30.194Z] [uploadQueue] Retrying task 4715db6395d5d6797c4e62c383b3b1f7ab99e327dd0659595d4547617ec22c82
[debug] [2021-10-20T17:21:30.194Z] >>> [apiv2][query] POST https://upload-firebasehosting.googleapis.com/upload/sites/sheba-for-life/versions/a3d7ce1407cc3d85/files/4715db6395d5d6797c4e62c383b3b1f7ab99e327dd0659595d4547617ec22c82 [none]
[debug] [2021-10-20T17:21:30.194Z] >>> [apiv2][body] POST https://upload-firebasehosting.googleapis.com/upload/sites/sheba-for-life/versions/a3d7ce1407cc3d85/files/4715db6395d5d6797c4e62c383b3b1f7ab99e327dd0659595d4547617ec22c82 [stream]
[debug] [2021-10-20T17:21:30.201Z] [uploadQueue] Retrying task aff3449bdc238776f5d6d967f19ec491b36aed5fb7f23ccff6500736fd58494a
[debug] [2021-10-20T17:21:30.202Z] >>> [apiv2][query] POST https://upload-firebasehosting.googleapis.com/upload/sites/sheba-for-life/versions/a3d7ce1407cc3d85/files/aff3449bdc238776f5d6d967f19ec491b36aed5fb7f23ccff6500736fd58494a [none]
[debug] [2021-10-20T17:21:30.202Z] >>> [apiv2][body] POST https://upload-firebasehosting.googleapis.com/upload/sites/sheba-for-life/versions/a3d7ce1407cc3d85/files/aff3449bdc238776f5d6d967f19ec491b36aed5fb7f23ccff6500736fd58494a [stream]
[debug] [2021-10-20T17:21:30.203Z] [uploadQueue] Retrying task 3ee59515172ee198f3be375979df15ac5345183e656720a381b8872b2a39dc8b
[debug] [2021-10-20T17:21:30.203Z] >>> [apiv2][query] POST https://upload-firebasehosting.googleapis.com/upload/sites/sheba-for-life/versions/a3d7ce1407cc3d85/files/3ee59515172ee198f3be375979df15ac5345183e656720a381b8872b2a39dc8b [none]
[debug] [2021-10-20T17:21:30.203Z] >>> [apiv2][body] POST https://upload-firebasehosting.googleapis.com/upload/sites/sheba-for-life/versions/a3d7ce1407cc3d85/files/3ee59515172ee198f3be375979df15ac5345183e656720a381b8872b2a39dc8b [stream]
[debug] [2021-10-20T17:21:30.204Z] [uploadQueue] Retrying task f6193c86c7cce1764fccf39408a7f9f04ce4e62af813ffeb8ea837790bd1567f
[debug] [2021-10-20T17:21:30.204Z] >>> [apiv2][query] POST https://upload-firebasehosting.googleapis.com/upload/sites/sheba-for-life/versions/a3d7ce1407cc3d85/files/f6193c86c7cce1764fccf39408a7f9f04ce4e62af813ffeb8ea837790bd1567f [none]
[debug] [2021-10-20T17:21:30.204Z] >>> [apiv2][body] POST https://upload-firebasehosting.googleapis.com/upload/sites/sheba-for-life/versions/a3d7ce1407cc3d85/files/f6193c86c7cce1764fccf39408a7f9f04ce4e62af813ffeb8ea837790bd1567f [stream]
[debug] [2021-10-20T17:21:30.213Z] [uploadQueue] Retrying task ee7e2f3fdb8209c4b6fd7bef6ba50d1b9dba30a25bb5c3126df057e1cb6f5331
[debug] [2021-10-20T17:21:30.213Z] >>> [apiv2][query] POST https://upload-firebasehosting.googleapis.com/upload/sites/sheba-for-life/versions/a3d7ce1407cc3d85/files/ee7e2f3fdb8209c4b6fd7bef6ba50d1b9dba30a25bb5c3126df057e1cb6f5331 [none]
[debug] [2021-10-20T17:21:30.213Z] >>> [apiv2][body] POST https://upload-firebasehosting.googleapis.com/upload/sites/sheba-for-life/versions/a3d7ce1407cc3d85/files/ee7e2f3fdb8209c4b6fd7bef6ba50d1b9dba30a25bb5c3126df057e1cb6f5331 [stream]
[debug] [2021-10-20T17:21:30.214Z] [uploadQueue] Retrying task 60caf53e56dfa6fc50d246ed998b14f2c4e712d1eb9c5086d0d53e6e9ec2c362
[debug] [2021-10-20T17:21:30.214Z] >>> [apiv2][query] POST https://upload-firebasehosting.googleapis.com/upload/sites/sheba-for-life/versions/a3d7ce1407cc3d85/files/60caf53e56dfa6fc50d246ed998b14f2c4e712d1eb9c5086d0d53e6e9ec2c362 [none]
[debug] [2021-10-20T17:21:30.215Z] >>> [apiv2][body] POST https://upload-firebasehosting.googleapis.com/upload/sites/sheba-for-life/versions/a3d7ce1407cc3d85/files/60caf53e56dfa6fc50d246ed998b14f2c4e712d1eb9c5086d0d53e6e9ec2c362 [stream]
[debug] [2021-10-20T17:21:30.218Z] [uploadQueue] Retrying task 1231141a877bb695a7760687deced7a7fa4fb4d4b72d17649a20f50858b150e4
[debug] [2021-10-20T17:21:30.219Z] >>> [apiv2][query] POST https://upload-firebasehosting.googleapis.com/upload/sites/sheba-for-life/versions/a3d7ce1407cc3d85/files/1231141a877bb695a7760687deced7a7fa4fb4d4b72d17649a20f50858b150e4 [none]
[debug] [2021-10-20T17:21:30.219Z] >>> [apiv2][body] POST https://upload-firebasehosting.googleapis.com/upload/sites/sheba-for-life/versions/a3d7ce1407cc3d85/files/1231141a877bb695a7760687deced7a7fa4fb4d4b72d17649a20f50858b150e4 [stream]
[debug] [2021-10-20T17:21:30.225Z] [uploadQueue] Retrying task eae62e993eb980ec8a25058c39d5a51feab118bd2100c4deebb2a9c158ec11f9
[debug] [2021-10-20T17:21:30.225Z] >>> [apiv2][query] POST https://upload-firebasehosting.googleapis.com/upload/sites/sheba-for-life/versions/a3d7ce1407cc3d85/files/eae62e993eb980ec8a25058c39d5a51feab118bd2100c4deebb2a9c158ec11f9 [none]
[debug] [2021-10-20T17:21:30.225Z] >>> [apiv2][body] POST https://upload-firebasehosting.googleapis.com/upload/sites/sheba-for-life/versions/a3d7ce1407cc3d85/files/eae62e993eb980ec8a25058c39d5a51feab118bd2100c4deebb2a9c158ec11f9 [stream]
[debug] [2021-10-20T17:21:30.226Z] [uploadQueue] Retrying task 4d9f068dec0322dc63be823177bf08c1c143f5074d63cbc9b5abdb62e13996be
[debug] [2021-10-20T17:21:30.227Z] >>> [apiv2][query] POST https://upload-firebasehosting.googleapis.com/upload/sites/sheba-for-life/versions/a3d7ce1407cc3d85/files/4d9f068dec0322dc63be823177bf08c1c143f5074d63cbc9b5abdb62e13996be [none]
[debug] [2021-10-20T17:21:30.227Z] >>> [apiv2][body] POST https://upload-firebasehosting.googleapis.com/upload/sites/sheba-for-life/versions/a3d7ce1407cc3d85/files/4d9f068dec0322dc63be823177bf08c1c143f5074d63cbc9b5abdb62e13996be [stream]
[debug] [2021-10-20T17:21:30.229Z] [uploadQueue] Retrying task 536d4e0c13de847e0de2926d05cfe990325eb5d21cf60567e65123dd2be936b5
[debug] [2021-10-20T17:21:30.229Z] >>> [apiv2][query] POST https://upload-firebasehosting.googleapis.com/upload/sites/sheba-for-life/versions/a3d7ce1407cc3d85/files/536d4e0c13de847e0de2926d05cfe990325eb5d21cf60567e65123dd2be936b5 [none]
[debug] [2021-10-20T17:21:30.229Z] >>> [apiv2][body] POST https://upload-firebasehosting.googleapis.com/upload/sites/sheba-for-life/versions/a3d7ce1407cc3d85/files/536d4e0c13de847e0de2926d05cfe990325eb5d21cf60567e65123dd2be936b5 [stream]
[debug] [2021-10-20T17:21:30.236Z] [uploadQueue] Retrying task 299213781bf24e14a687703f49939ca2e747a2cf0660f39db2a9849ae23cee4f
[debug] [2021-10-20T17:21:30.236Z] >>> [apiv2][query] POST https://upload-firebasehosting.googleapis.com/upload/sites/sheba-for-life/versions/a3d7ce1407cc3d85/files/299213781bf24e14a687703f49939ca2e747a2cf0660f39db2a9849ae23cee4f [none]
[debug] [2021-10-20T17:21:30.236Z] >>> [apiv2][body] POST https://upload-firebasehosting.googleapis.com/upload/sites/sheba-for-life/versions/a3d7ce1407cc3d85/files/299213781bf24e14a687703f49939ca2e747a2cf0660f39db2a9849ae23cee4f [stream]
[debug] [2021-10-20T17:21:30.245Z] [uploadQueue] Retrying task 9f7c2d8c63097b35ccdf127ea8732501452d6220bd33e6fd1f24b0366909e2af
[debug] [2021-10-20T17:21:30.245Z] >>> [apiv2][query] POST https://upload-firebasehosting.googleapis.com/upload/sites/sheba-for-life/versions/a3d7ce1407cc3d85/files/9f7c2d8c63097b35ccdf127ea8732501452d6220bd33e6fd1f24b0366909e2af [none]
[debug] [2021-10-20T17:21:30.245Z] >>> [apiv2][body] POST https://upload-firebasehosting.googleapis.com/upload/sites/sheba-for-life/versions/a3d7ce1407cc3d85/files/9f7c2d8c63097b35ccdf127ea8732501452d6220bd33e6fd1f24b0366909e2af [stream]
[debug] [2021-10-20T17:21:45.043Z] [uploadQueue] Retrying task 5bfea6356f4d2096a24c2d926e40d07e7693010b7a1e7463da373192746dbe20
[debug] [2021-10-20T17:21:45.044Z] >>> [apiv2][query] POST https://upload-firebasehosting.googleapis.com/upload/sites/sheba-for-life/versions/a3d7ce1407cc3d85/files/5bfea6356f4d2096a24c2d926e40d07e7693010b7a1e7463da373192746dbe20 [none]
[debug] [2021-10-20T17:21:45.044Z] >>> [apiv2][body] POST https://upload-firebasehosting.googleapis.com/upload/sites/sheba-for-life/versions/a3d7ce1407cc3d85/files/5bfea6356f4d2096a24c2d926e40d07e7693010b7a1e7463da373192746dbe20 [stream]
[debug] [2021-10-20T17:21:52.840Z] [uploadQueue] Retrying task 634e8b40b8b9e8818eed861ad890562eb328a8d2a5de309f52e349687678e882
[debug] [2021-10-20T17:21:52.840Z] >>> [apiv2][query] POST https://upload-firebasehosting.googleapis.com/upload/sites/sheba-for-life/versions/a3d7ce1407cc3d85/files/634e8b40b8b9e8818eed861ad890562eb328a8d2a5de309f52e349687678e882 [none]
[debug] [2021-10-20T17:21:52.841Z] >>> [apiv2][body] POST https://upload-firebasehosting.googleapis.com/upload/sites/sheba-for-life/versions/a3d7ce1407cc3d85/files/634e8b40b8b9e8818eed861ad890562eb328a8d2a5de309f52e349687678e882 [stream]
[debug] [2021-10-20T17:21:53.215Z] [uploadQueue] Retrying task 16167e3c3fd078b101e2b8e8de6f5f345cc06354da4638179a25e7d463147b14
[debug] [2021-10-20T17:21:53.216Z] >>> [apiv2][query] POST https://upload-firebasehosting.googleapis.com/upload/sites/sheba-for-life/versions/a3d7ce1407cc3d85/files/16167e3c3fd078b101e2b8e8de6f5f345cc06354da4638179a25e7d463147b14 [none]
[debug] [2021-10-20T17:21:53.216Z] >>> [apiv2][body] POST https://upload-firebasehosting.googleapis.com/upload/sites/sheba-for-life/versions/a3d7ce1407cc3d85/files/16167e3c3fd078b101e2b8e8de6f5f345cc06354da4638179a25e7d463147b14 [stream]
[debug] [2021-10-20T17:21:59.904Z] [uploadQueue] Retrying task 20def4ba74b202917029bdffa026151fbddc26256effba6c52dccb0a3f36de52
[debug] [2021-10-20T17:21:59.904Z] >>> [apiv2][query] POST https://upload-firebasehosting.googleapis.com/upload/sites/sheba-for-life/versions/a3d7ce1407cc3d85/files/20def4ba74b202917029bdffa026151fbddc26256effba6c52dccb0a3f36de52 [none]
[debug] [2021-10-20T17:21:59.904Z] >>> [apiv2][body] POST https://upload-firebasehosting.googleapis.com/upload/sites/sheba-for-life/versions/a3d7ce1407cc3d85/files/20def4ba74b202917029bdffa026151fbddc26256effba6c52dccb0a3f36de52 [stream]
[debug] [2021-10-20T17:22:03.580Z] [uploadQueue] Retrying task 9acd5bda1c772328bdf9bc5b8bcc65d69128e4ffc79094b818a1045b0e7aaf67
[debug] [2021-10-20T17:22:03.581Z] >>> [apiv2][query] POST https://upload-firebasehosting.googleapis.com/upload/sites/sheba-for-life/versions/a3d7ce1407cc3d85/files/9acd5bda1c772328bdf9bc5b8bcc65d69128e4ffc79094b818a1045b0e7aaf67 [none]
[debug] [2021-10-20T17:22:03.581Z] >>> [apiv2][body] POST https://upload-firebasehosting.googleapis.com/upload/sites/sheba-for-life/versions/a3d7ce1407cc3d85/files/9acd5bda1c772328bdf9bc5b8bcc65d69128e4ffc79094b818a1045b0e7aaf67 [stream]
[debug] [2021-10-20T17:22:03.932Z] [uploadQueue] Retrying task d42d1fdf8ea92c45cef707f26b0c60136e87c1cc02fe3f601ff155ca97b9e401
[debug] [2021-10-20T17:22:03.932Z] >>> [apiv2][query] POST https://upload-firebasehosting.googleapis.com/upload/sites/sheba-for-life/versions/a3d7ce1407cc3d85/files/d42d1fdf8ea92c45cef707f26b0c60136e87c1cc02fe3f601ff155ca97b9e401 [none]
[debug] [2021-10-20T17:22:03.932Z] >>> [apiv2][body] POST https://upload-firebasehosting.googleapis.com/upload/sites/sheba-for-life/versions/a3d7ce1407cc3d85/files/d42d1fdf8ea92c45cef707f26b0c60136e87c1cc02fe3f601ff155ca97b9e401 [stream]
[debug] [2021-10-20T17:22:04.716Z] [uploadQueue] Retrying task bfe106a3fb878dc83461c86818bf74fc1bdc7f28538ba613cd3e775516ce8b49
[debug] [2021-10-20T17:22:04.717Z] >>> [apiv2][query] POST https://upload-firebasehosting.googleapis.com/upload/sites/sheba-for-life/versions/a3d7ce1407cc3d85/files/bfe106a3fb878dc83461c86818bf74fc1bdc7f28538ba613cd3e775516ce8b49 [none]
[debug] [2021-10-20T17:22:04.717Z] >>> [apiv2][body] POST https://upload-firebasehosting.googleapis.com/upload/sites/sheba-for-life/versions/a3d7ce1407cc3d85/files/bfe106a3fb878dc83461c86818bf74fc1bdc7f28538ba613cd3e775516ce8b49 [stream]
[debug] [2021-10-20T17:22:04.978Z] [uploadQueue] Retrying task 82b52bc3d7374c35af0fe257e1f3cd494f7c30921038a52240c75a703fe1c378
[debug] [2021-10-20T17:22:04.979Z] >>> [apiv2][query] POST https://upload-firebasehosting.googleapis.com/upload/sites/sheba-for-life/versions/a3d7ce1407cc3d85/files/82b52bc3d7374c35af0fe257e1f3cd494f7c30921038a52240c75a703fe1c378 [none]
[debug] [2021-10-20T17:22:04.979Z] >>> [apiv2][body] POST https://upload-firebasehosting.googleapis.com/upload/sites/sheba-for-life/versions/a3d7ce1407cc3d85/files/82b52bc3d7374c35af0fe257e1f3cd494f7c30921038a52240c75a703fe1c378 [stream]
[debug] [2021-10-20T17:22:05.914Z] [uploadQueue] Retrying task 1e4bf4d3ca661303257c6d95c6d7a53c15802fadc9ca30c741de916adc596cfe
[debug] [2021-10-20T17:22:05.914Z] >>> [apiv2][query] POST https://upload-firebasehosting.googleapis.com/upload/sites/sheba-for-life/versions/a3d7ce1407cc3d85/files/1e4bf4d3ca661303257c6d95c6d7a53c15802fadc9ca30c741de916adc596cfe [none]
[debug] [2021-10-20T17:22:05.915Z] >>> [apiv2][body] POST https://upload-firebasehosting.googleapis.com/upload/sites/sheba-for-life/versions/a3d7ce1407cc3d85/files/1e4bf4d3ca661303257c6d95c6d7a53c15802fadc9ca30c741de916adc596cfe [stream]
[debug] [2021-10-20T17:22:06.261Z] [uploadQueue] Retrying task 2db2ac13052e04d776079c469601b89319694b81f871e6c08d903d1a61f3b1f3
[debug] [2021-10-20T17:22:06.262Z] >>> [apiv2][query] POST https://upload-firebasehosting.googleapis.com/upload/sites/sheba-for-life/versions/a3d7ce1407cc3d85/files/2db2ac13052e04d776079c469601b89319694b81f871e6c08d903d1a61f3b1f3 [none]
[debug] [2021-10-20T17:22:06.262Z] >>> [apiv2][body] POST https://upload-firebasehosting.googleapis.com/upload/sites/sheba-for-life/versions/a3d7ce1407cc3d85/files/2db2ac13052e04d776079c469601b89319694b81f871e6c08d903d1a61f3b1f3 [stream]
[debug] [2021-10-20T17:22:06.334Z] [uploadQueue] Retrying task 8dc09036be15da6f8a047e90a371495aeee05be3e0c7e3c31629cf841cc405f2
[debug] [2021-10-20T17:22:06.334Z] >>> [apiv2][query] POST https://upload-firebasehosting.googleapis.com/upload/sites/sheba-for-life/versions/a3d7ce1407cc3d85/files/8dc09036be15da6f8a047e90a371495aeee05be3e0c7e3c31629cf841cc405f2 [none]
[debug] [2021-10-20T17:22:06.334Z] >>> [apiv2][body] POST https://upload-firebasehosting.googleapis.com/upload/sites/sheba-for-life/versions/a3d7ce1407cc3d85/files/8dc09036be15da6f8a047e90a371495aeee05be3e0c7e3c31629cf841cc405f2 [stream]
[debug] [2021-10-20T17:22:06.595Z] [uploadQueue] Retrying task 4715db6395d5d6797c4e62c383b3b1f7ab99e327dd0659595d4547617ec22c82
[debug] [2021-10-20T17:22:06.596Z] >>> [apiv2][query] POST https://upload-firebasehosting.googleapis.com/upload/sites/sheba-for-life/versions/a3d7ce1407cc3d85/files/4715db6395d5d6797c4e62c383b3b1f7ab99e327dd0659595d4547617ec22c82 [none]
[debug] [2021-10-20T17:22:06.596Z] >>> [apiv2][body] POST https://upload-firebasehosting.googleapis.com/upload/sites/sheba-for-life/versions/a3d7ce1407cc3d85/files/4715db6395d5d6797c4e62c383b3b1f7ab99e327dd0659595d4547617ec22c82 [stream]
[debug] [2021-10-20T17:22:06.602Z] [uploadQueue] Retrying task aff3449bdc238776f5d6d967f19ec491b36aed5fb7f23ccff6500736fd58494a
[debug] [2021-10-20T17:22:06.603Z] >>> [apiv2][query] POST https://upload-firebasehosting.googleapis.com/upload/sites/sheba-for-life/versions/a3d7ce1407cc3d85/files/aff3449bdc238776f5d6d967f19ec491b36aed5fb7f23ccff6500736fd58494a [none]
[debug] [2021-10-20T17:22:06.603Z] >>> [apiv2][body] POST https://upload-firebasehosting.googleapis.com/upload/sites/sheba-for-life/versions/a3d7ce1407cc3d85/files/aff3449bdc238776f5d6d967f19ec491b36aed5fb7f23ccff6500736fd58494a [stream]
[debug] [2021-10-20T17:22:06.607Z] [uploadQueue] Retrying task 3ee59515172ee198f3be375979df15ac5345183e656720a381b8872b2a39dc8b
[debug] [2021-10-20T17:22:06.608Z] >>> [apiv2][query] POST https://upload-firebasehosting.googleapis.com/upload/sites/sheba-for-life/versions/a3d7ce1407cc3d85/files/3ee59515172ee198f3be375979df15ac5345183e656720a381b8872b2a39dc8b [none]
[debug] [2021-10-20T17:22:06.608Z] >>> [apiv2][body] POST https://upload-firebasehosting.googleapis.com/upload/sites/sheba-for-life/versions/a3d7ce1407cc3d85/files/3ee59515172ee198f3be375979df15ac5345183e656720a381b8872b2a39dc8b [stream]
[debug] [2021-10-20T17:22:06.612Z] [uploadQueue] Retrying task f6193c86c7cce1764fccf39408a7f9f04ce4e62af813ffeb8ea837790bd1567f
[debug] [2021-10-20T17:22:06.613Z] >>> [apiv2][query] POST https://upload-firebasehosting.googleapis.com/upload/sites/sheba-for-life/versions/a3d7ce1407cc3d85/files/f6193c86c7cce1764fccf39408a7f9f04ce4e62af813ffeb8ea837790bd1567f [none]
[debug] [2021-10-20T17:22:06.613Z] >>> [apiv2][body] POST https://upload-firebasehosting.googleapis.com/upload/sites/sheba-for-life/versions/a3d7ce1407cc3d85/files/f6193c86c7cce1764fccf39408a7f9f04ce4e62af813ffeb8ea837790bd1567f [stream]
[debug] [2021-10-20T17:22:06.619Z] [uploadQueue] Retrying task ee7e2f3fdb8209c4b6fd7bef6ba50d1b9dba30a25bb5c3126df057e1cb6f5331
[debug] [2021-10-20T17:22:06.619Z] >>> [apiv2][query] POST https://upload-firebasehosting.googleapis.com/upload/sites/sheba-for-life/versions/a3d7ce1407cc3d85/files/ee7e2f3fdb8209c4b6fd7bef6ba50d1b9dba30a25bb5c3126df057e1cb6f5331 [none]
[debug] [2021-10-20T17:22:06.620Z] >>> [apiv2][body] POST https://upload-firebasehosting.googleapis.com/upload/sites/sheba-for-life/versions/a3d7ce1407cc3d85/files/ee7e2f3fdb8209c4b6fd7bef6ba50d1b9dba30a25bb5c3126df057e1cb6f5331 [stream]
[debug] [2021-10-20T17:22:06.624Z] [uploadQueue] Retrying task 60caf53e56dfa6fc50d246ed998b14f2c4e712d1eb9c5086d0d53e6e9ec2c362
[debug] [2021-10-20T17:22:06.625Z] >>> [apiv2][query] POST https://upload-firebasehosting.googleapis.com/upload/sites/sheba-for-life/versions/a3d7ce1407cc3d85/files/60caf53e56dfa6fc50d246ed998b14f2c4e712d1eb9c5086d0d53e6e9ec2c362 [none]
[debug] [2021-10-20T17:22:06.625Z] >>> [apiv2][body] POST https://upload-firebasehosting.googleapis.com/upload/sites/sheba-for-life/versions/a3d7ce1407cc3d85/files/60caf53e56dfa6fc50d246ed998b14f2c4e712d1eb9c5086d0d53e6e9ec2c362 [stream]
[debug] [2021-10-20T17:22:06.628Z] [uploadQueue] Retrying task 1231141a877bb695a7760687deced7a7fa4fb4d4b72d17649a20f50858b150e4
[debug] [2021-10-20T17:22:06.629Z] >>> [apiv2][query] POST https://upload-firebasehosting.googleapis.com/upload/sites/sheba-for-life/versions/a3d7ce1407cc3d85/files/1231141a877bb695a7760687deced7a7fa4fb4d4b72d17649a20f50858b150e4 [none]
[debug] [2021-10-20T17:22:06.629Z] >>> [apiv2][body] POST https://upload-firebasehosting.googleapis.com/upload/sites/sheba-for-life/versions/a3d7ce1407cc3d85/files/1231141a877bb695a7760687deced7a7fa4fb4d4b72d17649a20f50858b150e4 [stream]
[debug] [2021-10-20T17:22:06.632Z] [uploadQueue] Retrying task eae62e993eb980ec8a25058c39d5a51feab118bd2100c4deebb2a9c158ec11f9
[debug] [2021-10-20T17:22:06.633Z] >>> [apiv2][query] POST https://upload-firebasehosting.googleapis.com/upload/sites/sheba-for-life/versions/a3d7ce1407cc3d85/files/eae62e993eb980ec8a25058c39d5a51feab118bd2100c4deebb2a9c158ec11f9 [none]
[debug] [2021-10-20T17:22:06.633Z] >>> [apiv2][body] POST https://upload-firebasehosting.googleapis.com/upload/sites/sheba-for-life/versions/a3d7ce1407cc3d85/files/eae62e993eb980ec8a25058c39d5a51feab118bd2100c4deebb2a9c158ec11f9 [stream]
[debug] [2021-10-20T17:22:06.637Z] [uploadQueue] Retrying task 4d9f068dec0322dc63be823177bf08c1c143f5074d63cbc9b5abdb62e13996be
[debug] [2021-10-20T17:22:06.639Z] >>> [apiv2][query] POST https://upload-firebasehosting.googleapis.com/upload/sites/sheba-for-life/versions/a3d7ce1407cc3d85/files/4d9f068dec0322dc63be823177bf08c1c143f5074d63cbc9b5abdb62e13996be [none]
[debug] [2021-10-20T17:22:06.639Z] >>> [apiv2][body] POST https://upload-firebasehosting.googleapis.com/upload/sites/sheba-for-life/versions/a3d7ce1407cc3d85/files/4d9f068dec0322dc63be823177bf08c1c143f5074d63cbc9b5abdb62e13996be [stream]
[debug] [2021-10-20T17:22:06.642Z] [uploadQueue] Retrying task 536d4e0c13de847e0de2926d05cfe990325eb5d21cf60567e65123dd2be936b5
[debug] [2021-10-20T17:22:06.642Z] >>> [apiv2][query] POST https://upload-firebasehosting.googleapis.com/upload/sites/sheba-for-life/versions/a3d7ce1407cc3d85/files/536d4e0c13de847e0de2926d05cfe990325eb5d21cf60567e65123dd2be936b5 [none]
[debug] [2021-10-20T17:22:06.642Z] >>> [apiv2][body] POST https://upload-firebasehosting.googleapis.com/upload/sites/sheba-for-life/versions/a3d7ce1407cc3d85/files/536d4e0c13de847e0de2926d05cfe990325eb5d21cf60567e65123dd2be936b5 [stream]
[debug] [2021-10-20T17:22:06.645Z] [uploadQueue] Retrying task 299213781bf24e14a687703f49939ca2e747a2cf0660f39db2a9849ae23cee4f
[debug] [2021-10-20T17:22:06.646Z] >>> [apiv2][query] POST https://upload-firebasehosting.googleapis.com/upload/sites/sheba-for-life/versions/a3d7ce1407cc3d85/files/299213781bf24e14a687703f49939ca2e747a2cf0660f39db2a9849ae23cee4f [none]
[debug] [2021-10-20T17:22:06.646Z] >>> [apiv2][body] POST https://upload-firebasehosting.googleapis.com/upload/sites/sheba-for-life/versions/a3d7ce1407cc3d85/files/299213781bf24e14a687703f49939ca2e747a2cf0660f39db2a9849ae23cee4f [stream]
[debug] [2021-10-20T17:22:06.657Z] [uploadQueue] Retrying task 9f7c2d8c63097b35ccdf127ea8732501452d6220bd33e6fd1f24b0366909e2af
[debug] [2021-10-20T17:22:06.658Z] >>> [apiv2][query] POST https://upload-firebasehosting.googleapis.com/upload/sites/sheba-for-life/versions/a3d7ce1407cc3d85/files/9f7c2d8c63097b35ccdf127ea8732501452d6220bd33e6fd1f24b0366909e2af [none]
[debug] [2021-10-20T17:22:06.658Z] >>> [apiv2][body] POST https://upload-firebasehosting.googleapis.com/upload/sites/sheba-for-life/versions/a3d7ce1407cc3d85/files/9f7c2d8c63097b35ccdf127ea8732501452d6220bd33e6fd1f24b0366909e2af [stream]
[debug] [2021-10-20T17:22:21.106Z] [uploadQueue] Retrying task 5bfea6356f4d2096a24c2d926e40d07e7693010b7a1e7463da373192746dbe20
[debug] [2021-10-20T17:22:21.107Z] >>> [apiv2][query] POST https://upload-firebasehosting.googleapis.com/upload/sites/sheba-for-life/versions/a3d7ce1407cc3d85/files/5bfea6356f4d2096a24c2d926e40d07e7693010b7a1e7463da373192746dbe20 [none]
[debug] [2021-10-20T17:22:21.107Z] >>> [apiv2][body] POST https://upload-firebasehosting.googleapis.com/upload/sites/sheba-for-life/versions/a3d7ce1407cc3d85/files/5bfea6356f4d2096a24c2d926e40d07e7693010b7a1e7463da373192746dbe20 [stream]
[debug] Task bfe106a3fb878dc83461c86818bf74fc1bdc7f28538ba613cd3e775516ce8b49 failed: retries exhausted after 6 attempts, with error: Failed to make request to https://upload-firebasehosting.googleapis.com/upload/sites/sheba-for-life/versions/a3d7ce1407cc3d85/files/bfe106a3fb878dc83461c86818bf74fc1bdc7f28538ba613cd3e775516ce8b49
[debug] [2021-10-20T17:22:22.346Z] [hosting][upload queue][FINAL] {"max":0,"min":9999999999,"avg":0,"active":22,"complete":1,"success":0,"errored":1,"retried":114,"total":23,"elapsed":178501}
[debug] Task 16167e3c3fd078b101e2b8e8de6f5f345cc06354da4638179a25e7d463147b14 failed: retries exhausted after 6 attempts, with error: Timeout reached making request to https://upload-firebasehosting.googleapis.com/upload/sites/sheba-for-life/versions/a3d7ce1407cc3d85/files/16167e3c3fd078b101e2b8e8de6f5f345cc06354da4638179a25e7d463147b14
[debug] Task 634e8b40b8b9e8818eed861ad890562eb328a8d2a5de309f52e349687678e882 failed: retries exhausted after 6 attempts, with error: Timeout reached making request to https://upload-firebasehosting.googleapis.com/upload/sites/sheba-for-life/versions/a3d7ce1407cc3d85/files/634e8b40b8b9e8818eed861ad890562eb328a8d2a5de309f52e349687678e882
